Linux 6.11.3-arch1-1 (Legion-Arch-Linux) 	10/20/2024 	_x86_64_	(16 CPU)

avg-cpu:  %user   %nice %system %iowait  %steal   %idle
           7.73    0.08    7.32    0.11    0.00   84.76

Device             tps    kB_read/s    kB_wrtn/s    kB_dscd/s    kB_read    kB_wrtn    kB_dscd
nvme0n1          61.33      1662.94       487.55         0.00    4445936    1303489          0


avg-cpu:  %user   %nice %system %iowait  %steal   %idle
          11.76    0.93    9.03    0.06    0.00   78.22

Device             tps    kB_read/s    kB_wrtn/s    kB_dscd/s    kB_read    kB_wrtn    kB_dscd
nvme0n1         210.00       128.00      1580.00         0.00        128       1580          0


avg-cpu:  %user   %nice %system %iowait  %steal   %idle
          12.18    3.38    8.79    0.18    0.00   75.46

Device             tps    kB_read/s    kB_wrtn/s    kB_dscd/s    kB_read    kB_wrtn    kB_dscd
nvme0n1         832.00       284.00     13120.00         0.00        284      13120          0


avg-cpu:  %user   %nice %system %iowait  %steal   %idle
          10.56    2.41    8.40    0.19    0.00   78.44

Device             tps    kB_read/s    kB_wrtn/s    kB_dscd/s    kB_read    kB_wrtn    kB_dscd
nvme0n1         309.00      1736.00     10304.00         0.00       1736      10304          0


avg-cpu:  %user   %nice %system %iowait  %steal   %idle
          13.68    0.25   12.02    0.12    0.00   73.93

Device             tps    kB_read/s    kB_wrtn/s    kB_dscd/s    kB_read    kB_wrtn    kB_dscd
nvme0n1          15.00         0.00       308.00         0.00          0        308          0

