Linux 6.11.3-arch1-1 (Legion-Arch-Linux) 	10/19/2024 	_x86_64_	(16 CPU)

avg-cpu:  %user   %nice %system %iowait  %steal   %idle
           5.74    0.13    5.64    0.23    0.00   88.26

Device             tps    kB_read/s    kB_wrtn/s    kB_dscd/s    kB_read    kB_wrtn    kB_dscd
nvme0n1         266.00      7942.51      3916.55         0.00    3652044    1800869          0


avg-cpu:  %user   %nice %system %iowait  %steal   %idle
          11.36    0.06    7.66    0.00    0.00   80.92

Device             tps    kB_read/s    kB_wrtn/s    kB_dscd/s    kB_read    kB_wrtn    kB_dscd
nvme0n1           0.00         0.00         0.00         0.00          0          0          0


avg-cpu:  %user   %nice %system %iowait  %steal   %idle
           9.11    0.00    7.65    0.06    0.00   83.17

Device             tps    kB_read/s    kB_wrtn/s    kB_dscd/s    kB_read    kB_wrtn    kB_dscd
nvme0n1          25.00         0.00       208.00         0.00          0        208          0


avg-cpu:  %user   %nice %system %iowait  %steal   %idle
           9.25    0.00    7.28    0.00    0.00   83.47

Device             tps    kB_read/s    kB_wrtn/s    kB_dscd/s    kB_read    kB_wrtn    kB_dscd
nvme0n1           0.00         0.00         0.00         0.00          0          0          0


avg-cpu:  %user   %nice %system %iowait  %steal   %idle
          10.77    0.00    7.65    0.06    0.00   81.52

Device             tps    kB_read/s    kB_wrtn/s    kB_dscd/s    kB_read    kB_wrtn    kB_dscd
nvme0n1          81.00         0.00       416.00         0.00          0        416          0


avg-cpu:  %user   %nice %system %iowait  %steal   %idle
           8.99    0.00    7.71    0.13    0.00   83.17

Device             tps    kB_read/s    kB_wrtn/s    kB_dscd/s    kB_read    kB_wrtn    kB_dscd
nvme0n1          54.00         0.00      3236.00         0.00          0       3236          0


avg-cpu:  %user   %nice %system %iowait  %steal   %idle
          11.24    0.00    6.96    0.00    0.00   81.80

Device             tps    kB_read/s    kB_wrtn/s    kB_dscd/s    kB_read    kB_wrtn    kB_dscd
nvme0n1           0.00         0.00         0.00         0.00          0          0          0


avg-cpu:  %user   %nice %system %iowait  %steal   %idle
           8.62    0.00    7.47    0.06    0.00   83.84

Device             tps    kB_read/s    kB_wrtn/s    kB_dscd/s    kB_read    kB_wrtn    kB_dscd
nvme0n1           9.00         0.00        32.00         0.00          0         32          0


avg-cpu:  %user   %nice %system %iowait  %steal   %idle
           8.98    0.00    7.71    0.06    0.00   83.25

Device             tps    kB_read/s    kB_wrtn/s    kB_dscd/s    kB_read    kB_wrtn    kB_dscd
nvme0n1           2.00         0.00        28.00         0.00          0         28          0


avg-cpu:  %user   %nice %system %iowait  %steal   %idle
          10.37    0.00    6.95    0.06    0.00   82.61

Device             tps    kB_read/s    kB_wrtn/s    kB_dscd/s    kB_read    kB_wrtn    kB_dscd
nvme0n1           6.00         0.00        88.00         0.00          0         88          0


avg-cpu:  %user   %nice %system %iowait  %steal   %idle
           8.64    0.00    7.94    0.13    0.00   83.29

Device             tps    kB_read/s    kB_wrtn/s    kB_dscd/s    kB_read    kB_wrtn    kB_dscd
nvme0n1          50.00       948.00       168.00         0.00        948        168          0


avg-cpu:  %user   %nice %system %iowait  %steal   %idle
          10.87    0.06    6.82    0.00    0.00   82.25

Device             tps    kB_read/s    kB_wrtn/s    kB_dscd/s    kB_read    kB_wrtn    kB_dscd
nvme0n1           0.00         0.00         0.00         0.00          0          0          0


avg-cpu:  %user   %nice %system %iowait  %steal   %idle
           8.93    0.00    7.40    0.00    0.00   83.67

Device             tps    kB_read/s    kB_wrtn/s    kB_dscd/s    kB_read    kB_wrtn    kB_dscd
nvme0n1           0.00         0.00         0.00         0.00          0          0          0


avg-cpu:  %user   %nice %system %iowait  %steal   %idle
           8.96    0.00    7.88    0.25    0.00   82.90

Device             tps    kB_read/s    kB_wrtn/s    kB_dscd/s    kB_read    kB_wrtn    kB_dscd
nvme0n1           6.00         0.00        24.00         0.00          0         24          0


avg-cpu:  %user   %nice %system %iowait  %steal   %idle
           9.95    0.00    7.00    0.06    0.00   82.99

Device             tps    kB_read/s    kB_wrtn/s    kB_dscd/s    kB_read    kB_wrtn    kB_dscd
nvme0n1           2.00         0.00        56.00         0.00          0         56          0


avg-cpu:  %user   %nice %system %iowait  %steal   %idle
           8.89    0.00    6.91    0.00    0.00   84.20

Device             tps    kB_read/s    kB_wrtn/s    kB_dscd/s    kB_read    kB_wrtn    kB_dscd
nvme0n1           0.00         0.00         0.00         0.00          0          0          0


avg-cpu:  %user   %nice %system %iowait  %steal   %idle
          10.86    0.00    8.20    0.13    0.00   80.81

Device             tps    kB_read/s    kB_wrtn/s    kB_dscd/s    kB_read    kB_wrtn    kB_dscd
nvme0n1          41.00         0.00       172.00         0.00          0        172          0


avg-cpu:  %user   %nice %system %iowait  %steal   %idle
           9.14    0.00    7.08    0.06    0.00   83.71

Device             tps    kB_read/s    kB_wrtn/s    kB_dscd/s    kB_read    kB_wrtn    kB_dscd
nvme0n1           0.00         0.00         0.00         0.00          0          0          0


avg-cpu:  %user   %nice %system %iowait  %steal   %idle
           8.93    0.00    7.14    0.00    0.00   83.93

Device             tps    kB_read/s    kB_wrtn/s    kB_dscd/s    kB_read    kB_wrtn    kB_dscd
nvme0n1           0.00         0.00         0.00         0.00          0          0          0


avg-cpu:  %user   %nice %system %iowait  %steal   %idle
          10.04    0.00    7.16    0.00    0.00   82.80

Device             tps    kB_read/s    kB_wrtn/s    kB_dscd/s    kB_read    kB_wrtn    kB_dscd
nvme0n1          10.00         0.00        40.00         0.00          0         40          0


avg-cpu:  %user   %nice %system %iowait  %steal   %idle
           8.93    0.00    7.27    0.06    0.00   83.74

Device             tps    kB_read/s    kB_wrtn/s    kB_dscd/s    kB_read    kB_wrtn    kB_dscd
nvme0n1           2.00         0.00        28.00         0.00          0         28          0


avg-cpu:  %user   %nice %system %iowait  %steal   %idle
          11.65    0.06    7.43    0.13    0.00   80.73

Device             tps    kB_read/s    kB_wrtn/s    kB_dscd/s    kB_read    kB_wrtn    kB_dscd
nvme0n1           8.00         0.00        44.00         0.00          0         44          0


avg-cpu:  %user   %nice %system %iowait  %steal   %idle
           8.97    0.00    7.38    0.06    0.00   83.59

Device             tps    kB_read/s    kB_wrtn/s    kB_dscd/s    kB_read    kB_wrtn    kB_dscd
nvme0n1          40.00         0.00       168.00         0.00          0        168          0


avg-cpu:  %user   %nice %system %iowait  %steal   %idle
           9.20    0.00    6.90    0.00    0.00   83.91

Device             tps    kB_read/s    kB_wrtn/s    kB_dscd/s    kB_read    kB_wrtn    kB_dscd
nvme0n1           0.00         0.00         0.00         0.00          0          0          0


avg-cpu:  %user   %nice %system %iowait  %steal   %idle
           9.76    0.00    7.72    0.06    0.00   82.45

Device             tps    kB_read/s    kB_wrtn/s    kB_dscd/s    kB_read    kB_wrtn    kB_dscd
nvme0n1          15.00         0.00        92.00         0.00          0         92          0


avg-cpu:  %user   %nice %system %iowait  %steal   %idle
           9.18    0.00    7.97    0.06    0.00   82.78

Device             tps    kB_read/s    kB_wrtn/s    kB_dscd/s    kB_read    kB_wrtn    kB_dscd
nvme0n1           6.00         0.00        28.00         0.00          0         28          0


avg-cpu:  %user   %nice %system %iowait  %steal   %idle
          10.76    0.06    7.43    0.00    0.00   81.74

Device             tps    kB_read/s    kB_wrtn/s    kB_dscd/s    kB_read    kB_wrtn    kB_dscd
nvme0n1           0.00         0.00         0.00         0.00          0          0          0


avg-cpu:  %user   %nice %system %iowait  %steal   %idle
           8.95    0.00    7.09    0.06    0.00   83.90

Device             tps    kB_read/s    kB_wrtn/s    kB_dscd/s    kB_read    kB_wrtn    kB_dscd
nvme0n1           8.00         0.00        40.00         0.00          0         40          0


avg-cpu:  %user   %nice %system %iowait  %steal   %idle
           9.25    0.00    7.40    0.06    0.00   83.29

Device             tps    kB_read/s    kB_wrtn/s    kB_dscd/s    kB_read    kB_wrtn    kB_dscd
nvme0n1          38.00         0.00       160.00         0.00          0        160          0


avg-cpu:  %user   %nice %system %iowait  %steal   %idle
          10.30    0.00    7.29    0.06    0.00   82.34

Device             tps    kB_read/s    kB_wrtn/s    kB_dscd/s    kB_read    kB_wrtn    kB_dscd
nvme0n1           0.00         0.00         0.00         0.00          0          0          0


avg-cpu:  %user   %nice %system %iowait  %steal   %idle
           8.95    0.00    7.54    0.00    0.00   83.51

Device             tps    kB_read/s    kB_wrtn/s    kB_dscd/s    kB_read    kB_wrtn    kB_dscd
nvme0n1           0.00         0.00         0.00         0.00          0          0          0


avg-cpu:  %user   %nice %system %iowait  %steal   %idle
          11.00    0.06    7.16    0.00    0.00   81.78

Device             tps    kB_read/s    kB_wrtn/s    kB_dscd/s    kB_read    kB_wrtn    kB_dscd
nvme0n1           0.00         0.00         0.00         0.00          0          0          0


avg-cpu:  %user   %nice %system %iowait  %steal   %idle
           9.01    0.00    7.09    0.32    0.00   83.58

Device             tps    kB_read/s    kB_wrtn/s    kB_dscd/s    kB_read    kB_wrtn    kB_dscd
nvme0n1          12.00         0.00       100.00         0.00          0        100          0


avg-cpu:  %user   %nice %system %iowait  %steal   %idle
           9.36    0.00    8.09    0.00    0.00   82.55

Device             tps    kB_read/s    kB_wrtn/s    kB_dscd/s    kB_read    kB_wrtn    kB_dscd
nvme0n1           7.00         0.00        28.00         0.00          0         28          0


avg-cpu:  %user   %nice %system %iowait  %steal   %idle
           9.98    0.00    7.81    0.13    0.00   82.09

Device             tps    kB_read/s    kB_wrtn/s    kB_dscd/s    kB_read    kB_wrtn    kB_dscd
nvme0n1          88.00         0.00       676.00         0.00          0        676          0


avg-cpu:  %user   %nice %system %iowait  %steal   %idle
           8.79    0.00    7.39    0.00    0.00   83.82

Device             tps    kB_read/s    kB_wrtn/s    kB_dscd/s    kB_read    kB_wrtn    kB_dscd
nvme0n1           0.00         0.00         0.00         0.00          0          0          0


avg-cpu:  %user   %nice %system %iowait  %steal   %idle
          11.27    0.00    7.37    0.00    0.00   81.36

Device             tps    kB_read/s    kB_wrtn/s    kB_dscd/s    kB_read    kB_wrtn    kB_dscd
nvme0n1           2.00         0.00       112.00         0.00          0        112          0


avg-cpu:  %user   %nice %system %iowait  %steal   %idle
           9.20    0.00    7.28    0.00    0.00   83.51

Device             tps    kB_read/s    kB_wrtn/s    kB_dscd/s    kB_read    kB_wrtn    kB_dscd
nvme0n1           7.00         0.00        28.00         0.00          0         28          0


avg-cpu:  %user   %nice %system %iowait  %steal   %idle
           9.09    0.00    7.36    0.19    0.00   83.35

Device             tps    kB_read/s    kB_wrtn/s    kB_dscd/s    kB_read    kB_wrtn    kB_dscd
nvme0n1           8.00         0.00       120.00         0.00          0        120          0


avg-cpu:  %user   %nice %system %iowait  %steal   %idle
           9.58    0.00    7.85    0.00    0.00   82.57

Device             tps    kB_read/s    kB_wrtn/s    kB_dscd/s    kB_read    kB_wrtn    kB_dscd
nvme0n1           7.00         0.00        28.00         0.00          0         28          0


avg-cpu:  %user   %nice %system %iowait  %steal   %idle
           9.14    0.00    7.23    0.06    0.00   83.57

Device             tps    kB_read/s    kB_wrtn/s    kB_dscd/s    kB_read    kB_wrtn    kB_dscd
nvme0n1          40.00         0.00       172.00         0.00          0        172          0


avg-cpu:  %user   %nice %system %iowait  %steal   %idle
          11.32    0.06    7.82    0.00    0.00   80.80

Device             tps    kB_read/s    kB_wrtn/s    kB_dscd/s    kB_read    kB_wrtn    kB_dscd
nvme0n1           0.00         0.00         0.00         0.00          0          0          0


avg-cpu:  %user   %nice %system %iowait  %steal   %idle
           9.82    0.00    7.65    0.06    0.00   82.47

Device             tps    kB_read/s    kB_wrtn/s    kB_dscd/s    kB_read    kB_wrtn    kB_dscd
nvme0n1           0.00         0.00         0.00         0.00          0          0          0


avg-cpu:  %user   %nice %system %iowait  %steal   %idle
           9.50    0.00    6.80    0.19    0.00   83.50

Device             tps    kB_read/s    kB_wrtn/s    kB_dscd/s    kB_read    kB_wrtn    kB_dscd
nvme0n1          13.86         0.00        79.21         0.00          0         80          0


avg-cpu:  %user   %nice %system %iowait  %steal   %idle
          10.41    0.00    7.13    0.00    0.00   82.46

Device             tps    kB_read/s    kB_wrtn/s    kB_dscd/s    kB_read    kB_wrtn    kB_dscd
nvme0n1           0.00         0.00         0.00         0.00          0          0          0


avg-cpu:  %user   %nice %system %iowait  %steal   %idle
           9.62    0.00    6.79    0.06    0.00   83.53

Device             tps    kB_read/s    kB_wrtn/s    kB_dscd/s    kB_read    kB_wrtn    kB_dscd
nvme0n1          10.00         0.00        56.00         0.00          0         56          0

