Linux 6.11.3-arch1-1 (Legion-Arch-Linux) 	10/19/2024 	_x86_64_	(16 CPU)

avg-cpu:  %user   %nice %system %iowait  %steal   %idle
           6.07    0.12    5.83    0.21    0.00   87.77

Device             tps    kB_read/s    kB_wrtn/s    kB_dscd/s    kB_read    kB_wrtn    kB_dscd
nvme0n1         240.78      7129.62      3551.53         0.00    3655068    1820729          0


avg-cpu:  %user   %nice %system %iowait  %steal   %idle
          10.21    0.00    7.19    0.19    0.00   82.41

Device             tps    kB_read/s    kB_wrtn/s    kB_dscd/s    kB_read    kB_wrtn    kB_dscd
nvme0n1          27.00         0.00       208.00         0.00          0        208          0


avg-cpu:  %user   %nice %system %iowait  %steal   %idle
           9.05    0.00    7.52    0.00    0.00   83.43

Device             tps    kB_read/s    kB_wrtn/s    kB_dscd/s    kB_read    kB_wrtn    kB_dscd
nvme0n1           0.00         0.00         0.00         0.00          0          0          0


avg-cpu:  %user   %nice %system %iowait  %steal   %idle
          11.47    0.13    7.31    0.06    0.00   81.03

Device             tps    kB_read/s    kB_wrtn/s    kB_dscd/s    kB_read    kB_wrtn    kB_dscd
nvme0n1           7.00         0.00        60.00         0.00          0         60          0


avg-cpu:  %user   %nice %system %iowait  %steal   %idle
           9.13    0.00    6.88    0.00    0.00   83.99

Device             tps    kB_read/s    kB_wrtn/s    kB_dscd/s    kB_read    kB_wrtn    kB_dscd
nvme0n1           3.00         0.00       292.00         0.00          0        292          0


avg-cpu:  %user   %nice %system %iowait  %steal   %idle
           9.03    0.00    7.43    0.06    0.00   83.47

Device             tps    kB_read/s    kB_wrtn/s    kB_dscd/s    kB_read    kB_wrtn    kB_dscd
nvme0n1          36.00         0.00       152.00         0.00          0        152          0


avg-cpu:  %user   %nice %system %iowait  %steal   %idle
          11.25    0.00    7.60    0.13    0.00   81.02

Device             tps    kB_read/s    kB_wrtn/s    kB_dscd/s    kB_read    kB_wrtn    kB_dscd
nvme0n1           3.00         0.00        52.00         0.00          0         52          0


avg-cpu:  %user   %nice %system %iowait  %steal   %idle
           9.09    0.00    6.98    0.26    0.00   83.67

Device             tps    kB_read/s    kB_wrtn/s    kB_dscd/s    kB_read    kB_wrtn    kB_dscd
nvme0n1           5.00       352.00         0.00         0.00        352          0          0


avg-cpu:  %user   %nice %system %iowait  %steal   %idle
          11.08    0.00    7.17    0.06    0.00   81.69

Device             tps    kB_read/s    kB_wrtn/s    kB_dscd/s    kB_read    kB_wrtn    kB_dscd
nvme0n1          14.00         0.00        84.00         0.00          0         84          0


avg-cpu:  %user   %nice %system %iowait  %steal   %idle
           9.25    0.00    7.21    0.00    0.00   83.55

Device             tps    kB_read/s    kB_wrtn/s    kB_dscd/s    kB_read    kB_wrtn    kB_dscd
nvme0n1           0.00         0.00         0.00         0.00          0          0          0


avg-cpu:  %user   %nice %system %iowait  %steal   %idle
           8.89    0.00    7.68    0.06    0.00   83.37

Device             tps    kB_read/s    kB_wrtn/s    kB_dscd/s    kB_read    kB_wrtn    kB_dscd
nvme0n1           0.00         0.00         0.00         0.00          0          0          0


avg-cpu:  %user   %nice %system %iowait  %steal   %idle
          10.11    0.00    7.17    0.06    0.00   82.66

Device             tps    kB_read/s    kB_wrtn/s    kB_dscd/s    kB_read    kB_wrtn    kB_dscd
nvme0n1           0.00         0.00         0.00         0.00          0          0          0


avg-cpu:  %user   %nice %system %iowait  %steal   %idle
           8.65    0.00    7.18    0.13    0.00   84.04

Device             tps    kB_read/s    kB_wrtn/s    kB_dscd/s    kB_read    kB_wrtn    kB_dscd
nvme0n1          41.00         0.00       176.00         0.00          0        176          0


avg-cpu:  %user   %nice %system %iowait  %steal   %idle
          10.96    0.13    8.11    0.06    0.00   80.74

Device             tps    kB_read/s    kB_wrtn/s    kB_dscd/s    kB_read    kB_wrtn    kB_dscd
nvme0n1           2.00         0.00        40.00         0.00          0         40          0


avg-cpu:  %user   %nice %system %iowait  %steal   %idle
           8.80    0.00    7.97    0.19    0.00   83.04

Device             tps    kB_read/s    kB_wrtn/s    kB_dscd/s    kB_read    kB_wrtn    kB_dscd
nvme0n1          91.00        88.00      5800.00         0.00         88       5800          0

