Linux 6.11.3-arch1-1 (Legion-Arch-Linux) 	10/19/2024 	_x86_64_	(16 CPU)

avg-cpu:  %user   %nice %system %iowait  %steal   %idle
           6.16    0.12    5.87    0.21    0.00   87.64

Device             tps    kB_read/s    kB_wrtn/s    kB_dscd/s    kB_read    kB_wrtn    kB_dscd
nvme0n1         233.94      6912.60      3456.53         0.00    3655520    1827881          0


avg-cpu:  %user   %nice %system %iowait  %steal   %idle
           9.04    0.00    7.39    0.06    0.00   83.50

Device             tps    kB_read/s    kB_wrtn/s    kB_dscd/s    kB_read    kB_wrtn    kB_dscd
nvme0n1          40.00         0.00       168.00         0.00          0        168          0


avg-cpu:  %user   %nice %system %iowait  %steal   %idle
          10.91    0.06    7.38    0.06    0.00   81.58

Device             tps    kB_read/s    kB_wrtn/s    kB_dscd/s    kB_read    kB_wrtn    kB_dscd
nvme0n1          11.00         0.00        44.00         0.00          0         44          0


avg-cpu:  %user   %nice %system %iowait  %steal   %idle
           9.26    0.00    7.15    0.00    0.00   83.59

Device             tps    kB_read/s    kB_wrtn/s    kB_dscd/s    kB_read    kB_wrtn    kB_dscd
nvme0n1           1.00         0.00         4.00         0.00          0          4          0


avg-cpu:  %user   %nice %system %iowait  %steal   %idle
           9.13    0.00    7.28    0.06    0.00   83.52

Device             tps    kB_read/s    kB_wrtn/s    kB_dscd/s    kB_read    kB_wrtn    kB_dscd
nvme0n1          18.00         0.00       344.00         0.00          0        344          0


avg-cpu:  %user   %nice %system %iowait  %steal   %idle
          10.50    0.00    6.76    0.00    0.00   82.74

Device             tps    kB_read/s    kB_wrtn/s    kB_dscd/s    kB_read    kB_wrtn    kB_dscd
nvme0n1           0.00         0.00         0.00         0.00          0          0          0


avg-cpu:  %user   %nice %system %iowait  %steal   %idle
           9.19    0.00    7.13    0.06    0.00   83.61

Device             tps    kB_read/s    kB_wrtn/s    kB_dscd/s    kB_read    kB_wrtn    kB_dscd
nvme0n1           0.00         0.00         0.00         0.00          0          0          0


avg-cpu:  %user   %nice %system %iowait  %steal   %idle
          11.15    0.00    7.05    0.19    0.00   81.60

Device             tps    kB_read/s    kB_wrtn/s    kB_dscd/s    kB_read    kB_wrtn    kB_dscd
nvme0n1          39.00         0.00       164.00         0.00          0        164          0


avg-cpu:  %user   %nice %system %iowait  %steal   %idle
           9.24    0.00    7.20    0.00    0.00   83.57

Device             tps    kB_read/s    kB_wrtn/s    kB_dscd/s    kB_read    kB_wrtn    kB_dscd
nvme0n1           1.00         0.00       108.00         0.00          0        108          0


avg-cpu:  %user   %nice %system %iowait  %steal   %idle
           9.52    0.00    7.87    0.06    0.00   82.54

Device             tps    kB_read/s    kB_wrtn/s    kB_dscd/s    kB_read    kB_wrtn    kB_dscd
nvme0n1          19.00         0.00        84.00         0.00          0         84          0


avg-cpu:  %user   %nice %system %iowait  %steal   %idle
          11.05    0.00    7.06    0.06    0.00   81.82

Device             tps    kB_read/s    kB_wrtn/s    kB_dscd/s    kB_read    kB_wrtn    kB_dscd
nvme0n1           0.00         0.00         0.00         0.00          0          0          0


avg-cpu:  %user   %nice %system %iowait  %steal   %idle
           9.21    0.00    7.16    0.19    0.00   83.44

Device             tps    kB_read/s    kB_wrtn/s    kB_dscd/s    kB_read    kB_wrtn    kB_dscd
nvme0n1           2.00         0.00        36.00         0.00          0         36          0


avg-cpu:  %user   %nice %system %iowait  %steal   %idle
          10.60    0.06    7.39    0.00    0.00   81.94

Device             tps    kB_read/s    kB_wrtn/s    kB_dscd/s    kB_read    kB_wrtn    kB_dscd
nvme0n1           0.00         0.00         0.00         0.00          0          0          0


avg-cpu:  %user   %nice %system %iowait  %steal   %idle
           9.62    0.00    7.07    0.25    0.00   83.05

Device             tps    kB_read/s    kB_wrtn/s    kB_dscd/s    kB_read    kB_wrtn    kB_dscd
nvme0n1          80.00         0.00       412.00         0.00          0        412          0


avg-cpu:  %user   %nice %system %iowait  %steal   %idle
           9.26    0.00    7.66    0.13    0.00   82.95

Device             tps    kB_read/s    kB_wrtn/s    kB_dscd/s    kB_read    kB_wrtn    kB_dscd
nvme0n1          17.00         0.00       316.00         0.00          0        316          0


avg-cpu:  %user   %nice %system %iowait  %steal   %idle
          10.29    0.00    7.16    0.00    0.00   82.54

Device             tps    kB_read/s    kB_wrtn/s    kB_dscd/s    kB_read    kB_wrtn    kB_dscd
nvme0n1           0.00         0.00         0.00         0.00          0          0          0


avg-cpu:  %user   %nice %system %iowait  %steal   %idle
           9.01    0.00    7.55    0.19    0.00   83.25

Device             tps    kB_read/s    kB_wrtn/s    kB_dscd/s    kB_read    kB_wrtn    kB_dscd
nvme0n1          18.00         0.00        76.00         0.00          0         76          0


avg-cpu:  %user   %nice %system %iowait  %steal   %idle
          11.35    0.00    7.12    0.00    0.00   81.54

Device             tps    kB_read/s    kB_wrtn/s    kB_dscd/s    kB_read    kB_wrtn    kB_dscd
nvme0n1           0.00         0.00         0.00         0.00          0          0          0


avg-cpu:  %user   %nice %system %iowait  %steal   %idle
           9.53    0.00    6.85    0.26    0.00   83.37

Device             tps    kB_read/s    kB_wrtn/s    kB_dscd/s    kB_read    kB_wrtn    kB_dscd
nvme0n1           0.00         0.00         0.00         0.00          0          0          0


avg-cpu:  %user   %nice %system %iowait  %steal   %idle
           8.84    0.00    6.92    0.19    0.00   84.05

Device             tps    kB_read/s    kB_wrtn/s    kB_dscd/s    kB_read    kB_wrtn    kB_dscd
nvme0n1          37.00         0.00       156.00         0.00          0        156          0


avg-cpu:  %user   %nice %system %iowait  %steal   %idle
          10.35    0.00    7.13    0.06    0.00   82.46

Device             tps    kB_read/s    kB_wrtn/s    kB_dscd/s    kB_read    kB_wrtn    kB_dscd
nvme0n1           2.00         0.00        16.00         0.00          0         16          0


avg-cpu:  %user   %nice %system %iowait  %steal   %idle
           8.92    0.00    7.65    0.00    0.00   83.43

Device             tps    kB_read/s    kB_wrtn/s    kB_dscd/s    kB_read    kB_wrtn    kB_dscd
nvme0n1           0.00         0.00         0.00         0.00          0          0          0


avg-cpu:  %user   %nice %system %iowait  %steal   %idle
          10.69    0.06    7.81    0.00    0.00   81.43

Device             tps    kB_read/s    kB_wrtn/s    kB_dscd/s    kB_read    kB_wrtn    kB_dscd
nvme0n1           0.00         0.00         0.00         0.00          0          0          0


avg-cpu:  %user   %nice %system %iowait  %steal   %idle
           9.31    0.00    7.00    0.26    0.00   83.43

Device             tps    kB_read/s    kB_wrtn/s    kB_dscd/s    kB_read    kB_wrtn    kB_dscd
nvme0n1           0.00         0.00         0.00         0.00          0          0          0


avg-cpu:  %user   %nice %system %iowait  %steal   %idle
           9.01    0.00    6.96    0.00    0.00   84.03

Device             tps    kB_read/s    kB_wrtn/s    kB_dscd/s    kB_read    kB_wrtn    kB_dscd
nvme0n1           0.00         0.00         0.00         0.00          0          0          0


avg-cpu:  %user   %nice %system %iowait  %steal   %idle
          10.47    0.00    6.74    0.26    0.00   82.53

Device             tps    kB_read/s    kB_wrtn/s    kB_dscd/s    kB_read    kB_wrtn    kB_dscd
nvme0n1          60.00         0.00       316.00         0.00          0        316          0


avg-cpu:  %user   %nice %system %iowait  %steal   %idle
           9.24    0.00    6.86    0.00    0.00   83.90

Device             tps    kB_read/s    kB_wrtn/s    kB_dscd/s    kB_read    kB_wrtn    kB_dscd
nvme0n1           0.00         0.00         0.00         0.00          0          0          0


avg-cpu:  %user   %nice %system %iowait  %steal   %idle
          11.43    0.06    7.73    0.13    0.00   80.65

Device             tps    kB_read/s    kB_wrtn/s    kB_dscd/s    kB_read    kB_wrtn    kB_dscd
nvme0n1           0.00         0.00         0.00         0.00          0          0          0


avg-cpu:  %user   %nice %system %iowait  %steal   %idle
           8.97    0.00    6.66    0.00    0.00   84.37

Device             tps    kB_read/s    kB_wrtn/s    kB_dscd/s    kB_read    kB_wrtn    kB_dscd
nvme0n1           0.00         0.00         0.00         0.00          0          0          0


avg-cpu:  %user   %nice %system %iowait  %steal   %idle
           8.82    0.00    7.80    0.00    0.00   83.38

Device             tps    kB_read/s    kB_wrtn/s    kB_dscd/s    kB_read    kB_wrtn    kB_dscd
nvme0n1          84.00         0.00      5972.00         0.00          0       5972          0


avg-cpu:  %user   %nice %system %iowait  %steal   %idle
          10.48    0.00    6.88    0.00    0.00   82.65

Device             tps    kB_read/s    kB_wrtn/s    kB_dscd/s    kB_read    kB_wrtn    kB_dscd
nvme0n1           2.00         0.00        52.00         0.00          0         52          0


avg-cpu:  %user   %nice %system %iowait  %steal   %idle
           8.68    0.00    8.05    0.13    0.00   83.14

Device             tps    kB_read/s    kB_wrtn/s    kB_dscd/s    kB_read    kB_wrtn    kB_dscd
nvme0n1          37.00         0.00       156.00         0.00          0        156          0


avg-cpu:  %user   %nice %system %iowait  %steal   %idle
          11.20    0.00    6.63    0.00    0.00   82.16

Device             tps    kB_read/s    kB_wrtn/s    kB_dscd/s    kB_read    kB_wrtn    kB_dscd
nvme0n1           0.00         0.00         0.00         0.00          0          0          0


avg-cpu:  %user   %nice %system %iowait  %steal   %idle
           9.17    0.00    7.19    0.00    0.00   83.64

Device             tps    kB_read/s    kB_wrtn/s    kB_dscd/s    kB_read    kB_wrtn    kB_dscd
nvme0n1           0.00         0.00         0.00         0.00          0          0          0


avg-cpu:  %user   %nice %system %iowait  %steal   %idle
          11.49    0.00    7.40    0.00    0.00   81.11

Device             tps    kB_read/s    kB_wrtn/s    kB_dscd/s    kB_read    kB_wrtn    kB_dscd
nvme0n1           0.00         0.00         0.00         0.00          0          0          0


avg-cpu:  %user   %nice %system %iowait  %steal   %idle
          10.18    0.00    7.43    0.32    0.00   82.07

Device             tps    kB_read/s    kB_wrtn/s    kB_dscd/s    kB_read    kB_wrtn    kB_dscd
nvme0n1          11.00         0.00        60.00         0.00          0         60          0


avg-cpu:  %user   %nice %system %iowait  %steal   %idle
           8.67    0.00    7.52    0.00    0.00   83.81

Device             tps    kB_read/s    kB_wrtn/s    kB_dscd/s    kB_read    kB_wrtn    kB_dscd
nvme0n1           0.00         0.00         0.00         0.00          0          0          0


avg-cpu:  %user   %nice %system %iowait  %steal   %idle
          11.09    0.06    7.05    0.06    0.00   81.73

Device             tps    kB_read/s    kB_wrtn/s    kB_dscd/s    kB_read    kB_wrtn    kB_dscd
nvme0n1          41.00         0.00       172.00         0.00          0        172          0


avg-cpu:  %user   %nice %system %iowait  %steal   %idle
           9.17    0.00    6.93    0.00    0.00   83.90

Device             tps    kB_read/s    kB_wrtn/s    kB_dscd/s    kB_read    kB_wrtn    kB_dscd
nvme0n1           0.00         0.00         0.00         0.00          0          0          0


avg-cpu:  %user   %nice %system %iowait  %steal   %idle
           9.40    0.00    7.16    0.06    0.00   83.38

Device             tps    kB_read/s    kB_wrtn/s    kB_dscd/s    kB_read    kB_wrtn    kB_dscd
nvme0n1           0.00         0.00         0.00         0.00          0          0          0


avg-cpu:  %user   %nice %system %iowait  %steal   %idle
           9.88    0.00    7.84    0.00    0.00   82.28

Device             tps    kB_read/s    kB_wrtn/s    kB_dscd/s    kB_read    kB_wrtn    kB_dscd
nvme0n1           0.00         0.00         0.00         0.00          0          0          0


avg-cpu:  %user   %nice %system %iowait  %steal   %idle
           8.58    0.00    7.75    0.06    0.00   83.61

Device             tps    kB_read/s    kB_wrtn/s    kB_dscd/s    kB_read    kB_wrtn    kB_dscd
nvme0n1           5.00         0.00        28.00         0.00          0         28          0


avg-cpu:  %user   %nice %system %iowait  %steal   %idle
          11.10    0.06    7.00    0.00    0.00   81.84

Device             tps    kB_read/s    kB_wrtn/s    kB_dscd/s    kB_read    kB_wrtn    kB_dscd
nvme0n1           0.00         0.00         0.00         0.00          0          0          0


avg-cpu:  %user   %nice %system %iowait  %steal   %idle
           9.52    0.00    7.35    0.13    0.00   83.00

Device             tps    kB_read/s    kB_wrtn/s    kB_dscd/s    kB_read    kB_wrtn    kB_dscd
nvme0n1           0.00         0.00         0.00         0.00          0          0          0


avg-cpu:  %user   %nice %system %iowait  %steal   %idle
           8.84    0.00    7.30    0.32    0.00   83.54

Device             tps    kB_read/s    kB_wrtn/s    kB_dscd/s    kB_read    kB_wrtn    kB_dscd
nvme0n1          47.00         0.00       580.00         0.00          0        580          0


avg-cpu:  %user   %nice %system %iowait  %steal   %idle
          10.54    0.00    6.90    0.06    0.00   82.50

Device             tps    kB_read/s    kB_wrtn/s    kB_dscd/s    kB_read    kB_wrtn    kB_dscd
nvme0n1          12.00         0.00        56.00         0.00          0         56          0


avg-cpu:  %user   %nice %system %iowait  %steal   %idle
           9.30    0.00    7.20    0.00    0.00   83.50

Device             tps    kB_read/s    kB_wrtn/s    kB_dscd/s    kB_read    kB_wrtn    kB_dscd
nvme0n1           3.00         0.00        12.00         0.00          0         12          0


avg-cpu:  %user   %nice %system %iowait  %steal   %idle
          11.43    0.06    7.28    0.06    0.00   81.16

Device             tps    kB_read/s    kB_wrtn/s    kB_dscd/s    kB_read    kB_wrtn    kB_dscd
nvme0n1           0.00         0.00         0.00         0.00          0          0          0


avg-cpu:  %user   %nice %system %iowait  %steal   %idle
           9.19    0.00    7.21    0.00    0.00   83.60

Device             tps    kB_read/s    kB_wrtn/s    kB_dscd/s    kB_read    kB_wrtn    kB_dscd
nvme0n1           0.00         0.00         0.00         0.00          0          0          0


avg-cpu:  %user   %nice %system %iowait  %steal   %idle
           8.83    0.00    6.97    0.19    0.00   84.01

Device             tps    kB_read/s    kB_wrtn/s    kB_dscd/s    kB_read    kB_wrtn    kB_dscd
nvme0n1           2.00         0.00        56.00         0.00          0         56          0


avg-cpu:  %user   %nice %system %iowait  %steal   %idle
          10.26    0.00    6.93    0.06    0.00   82.75

Device             tps    kB_read/s    kB_wrtn/s    kB_dscd/s    kB_read    kB_wrtn    kB_dscd
nvme0n1          39.00         0.00       164.00         0.00          0        164          0


avg-cpu:  %user   %nice %system %iowait  %steal   %idle
           8.65    0.00    7.70    0.00    0.00   83.65

Device             tps    kB_read/s    kB_wrtn/s    kB_dscd/s    kB_read    kB_wrtn    kB_dscd
nvme0n1           0.00         0.00         0.00         0.00          0          0          0


avg-cpu:  %user   %nice %system %iowait  %steal   %idle
          11.18    0.00    7.01    0.26    0.00   81.56

Device             tps    kB_read/s    kB_wrtn/s    kB_dscd/s    kB_read    kB_wrtn    kB_dscd
nvme0n1           0.00         0.00         0.00         0.00          0          0          0


avg-cpu:  %user   %nice %system %iowait  %steal   %idle
           8.90    0.00    6.98    0.00    0.00   84.12

Device             tps    kB_read/s    kB_wrtn/s    kB_dscd/s    kB_read    kB_wrtn    kB_dscd
nvme0n1           0.00         0.00         0.00         0.00          0          0          0


avg-cpu:  %user   %nice %system %iowait  %steal   %idle
           9.06    0.00    7.27    0.00    0.00   83.67

Device             tps    kB_read/s    kB_wrtn/s    kB_dscd/s    kB_read    kB_wrtn    kB_dscd
nvme0n1          11.00         0.00        44.00         0.00          0         44          0


avg-cpu:  %user   %nice %system %iowait  %steal   %idle
          10.45    0.00    7.14    0.13    0.00   82.28

Device             tps    kB_read/s    kB_wrtn/s    kB_dscd/s    kB_read    kB_wrtn    kB_dscd
nvme0n1          47.00         0.00       216.00         0.00          0        216          0


avg-cpu:  %user   %nice %system %iowait  %steal   %idle
           9.40    0.00    7.10    0.06    0.00   83.44

Device             tps    kB_read/s    kB_wrtn/s    kB_dscd/s    kB_read    kB_wrtn    kB_dscd
nvme0n1           0.00         0.00         0.00         0.00          0          0          0

