Linux 6.11.3-arch1-1 (Legion-Arch-Linux) 	10/19/2024 	_x86_64_	(16 CPU)

avg-cpu:  %user   %nice %system %iowait  %steal   %idle
           7.09    0.10    5.93    0.18    0.00   86.70

Device             tps    kB_read/s    kB_wrtn/s    kB_dscd/s    kB_read    kB_wrtn    kB_dscd
nvme0n1         193.26      5440.40      2984.35         0.00    3716988    2038969          0


avg-cpu:  %user   %nice %system %iowait  %steal   %idle
           8.60    0.00    6.09    0.06    0.00   85.25

Device             tps    kB_read/s    kB_wrtn/s    kB_dscd/s    kB_read    kB_wrtn    kB_dscd
nvme0n1           0.00         0.00         0.00         0.00          0          0          0


avg-cpu:  %user   %nice %system %iowait  %steal   %idle
           8.73    0.06    5.35    0.06    0.00   85.79

Device             tps    kB_read/s    kB_wrtn/s    kB_dscd/s    kB_read    kB_wrtn    kB_dscd
nvme0n1          37.00         0.00       156.00         0.00          0        156          0


avg-cpu:  %user   %nice %system %iowait  %steal   %idle
          10.34    0.00    5.46    0.06    0.00   84.14

Device             tps    kB_read/s    kB_wrtn/s    kB_dscd/s    kB_read    kB_wrtn    kB_dscd
nvme0n1           2.00         0.00        20.00         0.00          0         20          0


avg-cpu:  %user   %nice %system %iowait  %steal   %idle
           8.80    0.00    5.93    0.06    0.00   85.20

Device             tps    kB_read/s    kB_wrtn/s    kB_dscd/s    kB_read    kB_wrtn    kB_dscd
nvme0n1         232.00         0.00     16384.00         0.00          0      16384          0


avg-cpu:  %user   %nice %system %iowait  %steal   %idle
          10.45    0.00    6.60    0.06    0.00   82.88

Device             tps    kB_read/s    kB_wrtn/s    kB_dscd/s    kB_read    kB_wrtn    kB_dscd
nvme0n1           0.00         0.00         0.00         0.00          0          0          0


avg-cpu:  %user   %nice %system %iowait  %steal   %idle
           8.39    0.00    5.95    0.00    0.00   85.66

Device             tps    kB_read/s    kB_wrtn/s    kB_dscd/s    kB_read    kB_wrtn    kB_dscd
nvme0n1           0.00         0.00         0.00         0.00          0          0          0


avg-cpu:  %user   %nice %system %iowait  %steal   %idle
           9.11    0.00    5.32    0.19    0.00   85.38

Device             tps    kB_read/s    kB_wrtn/s    kB_dscd/s    kB_read    kB_wrtn    kB_dscd
nvme0n1          25.00         0.00       104.00         0.00          0        104          0


avg-cpu:  %user   %nice %system %iowait  %steal   %idle
          10.29    0.00    6.71    0.26    0.00   82.75

Device             tps    kB_read/s    kB_wrtn/s    kB_dscd/s    kB_read    kB_wrtn    kB_dscd
nvme0n1        1359.00         0.00    153044.00         0.00          0     153044          0


avg-cpu:  %user   %nice %system %iowait  %steal   %idle
           7.76    0.00    4.07    0.25    0.00   87.92

Device             tps    kB_read/s    kB_wrtn/s    kB_dscd/s    kB_read    kB_wrtn    kB_dscd
nvme0n1         216.00         0.00     17736.00         0.00          0      17736          0


avg-cpu:  %user   %nice %system %iowait  %steal   %idle
           8.53    0.00    2.82    0.06    0.00   88.59

Device             tps    kB_read/s    kB_wrtn/s    kB_dscd/s    kB_read    kB_wrtn    kB_dscd
nvme0n1           8.00         0.00        52.00         0.00          0         52          0


avg-cpu:  %user   %nice %system %iowait  %steal   %idle
           7.43    0.00    2.31    0.00    0.00   90.26

Device             tps    kB_read/s    kB_wrtn/s    kB_dscd/s    kB_read    kB_wrtn    kB_dscd
nvme0n1           0.00         0.00         0.00         0.00          0          0          0


avg-cpu:  %user   %nice %system %iowait  %steal   %idle
           7.62    0.06    2.69    0.00    0.00   89.62

Device             tps    kB_read/s    kB_wrtn/s    kB_dscd/s    kB_read    kB_wrtn    kB_dscd
nvme0n1           0.00         0.00         0.00         0.00          0          0          0


avg-cpu:  %user   %nice %system %iowait  %steal   %idle
           9.05    0.00    2.45    0.31    0.00   88.19

Device             tps    kB_read/s    kB_wrtn/s    kB_dscd/s    kB_read    kB_wrtn    kB_dscd
nvme0n1         598.00         0.00     74212.00         0.00          0      74212          0


avg-cpu:  %user   %nice %system %iowait  %steal   %idle
           7.29    0.00    2.24    0.12    0.00   90.34

Device             tps    kB_read/s    kB_wrtn/s    kB_dscd/s    kB_read    kB_wrtn    kB_dscd
nvme0n1          88.00         0.00      1484.00         0.00          0       1484          0


avg-cpu:  %user   %nice %system %iowait  %steal   %idle
           8.49    0.00    2.56    0.00    0.00   88.95

Device             tps    kB_read/s    kB_wrtn/s    kB_dscd/s    kB_read    kB_wrtn    kB_dscd
nvme0n1          39.00         0.00       164.00         0.00          0        164          0


avg-cpu:  %user   %nice %system %iowait  %steal   %idle
           7.36    0.00    2.24    0.00    0.00   90.40

Device             tps    kB_read/s    kB_wrtn/s    kB_dscd/s    kB_read    kB_wrtn    kB_dscd
nvme0n1           0.00         0.00         0.00         0.00          0          0          0


avg-cpu:  %user   %nice %system %iowait  %steal   %idle
           7.68    0.00    2.69    0.25    0.00   89.38

Device             tps    kB_read/s    kB_wrtn/s    kB_dscd/s    kB_read    kB_wrtn    kB_dscd
nvme0n1           0.00         0.00         0.00         0.00          0          0          0


avg-cpu:  %user   %nice %system %iowait  %steal   %idle
           8.80    0.00    2.68    0.75    0.00   87.77

Device             tps    kB_read/s    kB_wrtn/s    kB_dscd/s    kB_read    kB_wrtn    kB_dscd
nvme0n1         216.00         0.00     27408.00         0.00          0      27408          0


avg-cpu:  %user   %nice %system %iowait  %steal   %idle
           7.41    0.00    2.49    0.00    0.00   90.11

Device             tps    kB_read/s    kB_wrtn/s    kB_dscd/s    kB_read    kB_wrtn    kB_dscd
nvme0n1           0.00         0.00         0.00         0.00          0          0          0


avg-cpu:  %user   %nice %system %iowait  %steal   %idle
           8.67    0.00    2.93    0.00    0.00   88.40

Device             tps    kB_read/s    kB_wrtn/s    kB_dscd/s    kB_read    kB_wrtn    kB_dscd
nvme0n1           0.00         0.00         0.00         0.00          0          0          0


avg-cpu:  %user   %nice %system %iowait  %steal   %idle
           7.56    0.00    2.98    0.12    0.00   89.34

Device             tps    kB_read/s    kB_wrtn/s    kB_dscd/s    kB_read    kB_wrtn    kB_dscd
nvme0n1          47.00         0.00       224.00         0.00          0        224          0


avg-cpu:  %user   %nice %system %iowait  %steal   %idle
           7.48    0.00    2.37    0.00    0.00   90.16

Device             tps    kB_read/s    kB_wrtn/s    kB_dscd/s    kB_read    kB_wrtn    kB_dscd
nvme0n1           0.00         0.00         0.00         0.00          0          0          0


avg-cpu:  %user   %nice %system %iowait  %steal   %idle
           9.18    0.06    2.31    0.12    0.00   88.32

Device             tps    kB_read/s    kB_wrtn/s    kB_dscd/s    kB_read    kB_wrtn    kB_dscd
nvme0n1          31.00         0.00       156.00         0.00          0        156          0


avg-cpu:  %user   %nice %system %iowait  %steal   %idle
           6.98    0.00    3.24    0.00    0.00   89.78

Device             tps    kB_read/s    kB_wrtn/s    kB_dscd/s    kB_read    kB_wrtn    kB_dscd
nvme0n1           0.00         0.00         0.00         0.00          0          0          0


avg-cpu:  %user   %nice %system %iowait  %steal   %idle
           8.82    0.00    3.13    0.13    0.00   87.93

Device             tps    kB_read/s    kB_wrtn/s    kB_dscd/s    kB_read    kB_wrtn    kB_dscd
nvme0n1          13.00         0.00       112.00         0.00          0        112          0


avg-cpu:  %user   %nice %system %iowait  %steal   %idle
           7.11    0.00    2.74    0.12    0.00   90.02

Device             tps    kB_read/s    kB_wrtn/s    kB_dscd/s    kB_read    kB_wrtn    kB_dscd
nvme0n1           0.00         0.00         0.00         0.00          0          0          0


avg-cpu:  %user   %nice %system %iowait  %steal   %idle
           7.69    0.00    2.31    0.00    0.00   90.00

Device             tps    kB_read/s    kB_wrtn/s    kB_dscd/s    kB_read    kB_wrtn    kB_dscd
nvme0n1          38.00         0.00       160.00         0.00          0        160          0


avg-cpu:  %user   %nice %system %iowait  %steal   %idle
           8.85    0.00    2.13    0.00    0.00   89.02

Device             tps    kB_read/s    kB_wrtn/s    kB_dscd/s    kB_read    kB_wrtn    kB_dscd
nvme0n1           0.00         0.00         0.00         0.00          0          0          0


avg-cpu:  %user   %nice %system %iowait  %steal   %idle
           7.26    0.00    2.13    0.00    0.00   90.61

Device             tps    kB_read/s    kB_wrtn/s    kB_dscd/s    kB_read    kB_wrtn    kB_dscd
nvme0n1           0.00         0.00         0.00         0.00          0          0          0


avg-cpu:  %user   %nice %system %iowait  %steal   %idle
           8.41    0.00    3.11    0.25    0.00   88.23

Device             tps    kB_read/s    kB_wrtn/s    kB_dscd/s    kB_read    kB_wrtn    kB_dscd
nvme0n1           0.00         0.00         0.00         0.00          0          0          0


avg-cpu:  %user   %nice %system %iowait  %steal   %idle
           7.34    0.00    2.30    0.25    0.00   90.11

Device             tps    kB_read/s    kB_wrtn/s    kB_dscd/s    kB_read    kB_wrtn    kB_dscd
nvme0n1          10.00         0.00       100.00         0.00          0        100          0


avg-cpu:  %user   %nice %system %iowait  %steal   %idle
           7.41    0.06    2.55    0.00    0.00   89.97

Device             tps    kB_read/s    kB_wrtn/s    kB_dscd/s    kB_read    kB_wrtn    kB_dscd
nvme0n1           0.00         0.00         0.00         0.00          0          0          0


avg-cpu:  %user   %nice %system %iowait  %steal   %idle
           9.11    0.00    2.37    0.06    0.00   88.45

Device             tps    kB_read/s    kB_wrtn/s    kB_dscd/s    kB_read    kB_wrtn    kB_dscd
nvme0n1          40.00         0.00       172.00         0.00          0        172          0


avg-cpu:  %user   %nice %system %iowait  %steal   %idle
           7.13    0.00    3.59    0.06    0.00   89.22

Device             tps    kB_read/s    kB_wrtn/s    kB_dscd/s    kB_read    kB_wrtn    kB_dscd
nvme0n1           0.00         0.00         0.00         0.00          0          0          0


avg-cpu:  %user   %nice %system %iowait  %steal   %idle
           8.65    0.00    2.88    0.00    0.00   88.46

Device             tps    kB_read/s    kB_wrtn/s    kB_dscd/s    kB_read    kB_wrtn    kB_dscd
nvme0n1           0.00         0.00         0.00         0.00          0          0          0


avg-cpu:  %user   %nice %system %iowait  %steal   %idle
           7.58    0.00    2.76    0.00    0.00   89.66

Device             tps    kB_read/s    kB_wrtn/s    kB_dscd/s    kB_read    kB_wrtn    kB_dscd
nvme0n1           9.00         0.00        40.00         0.00          0         40          0


avg-cpu:  %user   %nice %system %iowait  %steal   %idle
           8.42    0.06    2.49    0.06    0.00   88.97

Device             tps    kB_read/s    kB_wrtn/s    kB_dscd/s    kB_read    kB_wrtn    kB_dscd
nvme0n1           9.00         0.00        52.00         0.00          0         52          0


avg-cpu:  %user   %nice %system %iowait  %steal   %idle
           9.39    0.00    3.13    0.06    0.00   87.41

Device             tps    kB_read/s    kB_wrtn/s    kB_dscd/s    kB_read    kB_wrtn    kB_dscd
nvme0n1           0.00         0.00         0.00         0.00          0          0          0


avg-cpu:  %user   %nice %system %iowait  %steal   %idle
           7.43    0.00    3.06    0.31    0.00   89.19

Device             tps    kB_read/s    kB_wrtn/s    kB_dscd/s    kB_read    kB_wrtn    kB_dscd
nvme0n1          88.00         0.00       516.00         0.00          0        516          0


avg-cpu:  %user   %nice %system %iowait  %steal   %idle
           8.84    0.00    2.92    0.00    0.00   88.24

Device             tps    kB_read/s    kB_wrtn/s    kB_dscd/s    kB_read    kB_wrtn    kB_dscd
nvme0n1           0.00         0.00         0.00         0.00          0          0          0


avg-cpu:  %user   %nice %system %iowait  %steal   %idle
           7.76    0.00    2.92    0.00    0.00   89.32

Device             tps    kB_read/s    kB_wrtn/s    kB_dscd/s    kB_read    kB_wrtn    kB_dscd
nvme0n1           5.00         0.00       140.00         0.00          0        140          0


avg-cpu:  %user   %nice %system %iowait  %steal   %idle
           7.68    0.00    2.87    0.06    0.00   89.39

Device             tps    kB_read/s    kB_wrtn/s    kB_dscd/s    kB_read    kB_wrtn    kB_dscd
nvme0n1          11.00         0.00        44.00         0.00          0         44          0


avg-cpu:  %user   %nice %system %iowait  %steal   %idle
           8.99    0.00    3.25    0.00    0.00   87.77

Device             tps    kB_read/s    kB_wrtn/s    kB_dscd/s    kB_read    kB_wrtn    kB_dscd
nvme0n1           8.00         0.00        48.00         0.00          0         48          0


avg-cpu:  %user   %nice %system %iowait  %steal   %idle
           7.57    0.00    2.50    0.00    0.00   89.92

Device             tps    kB_read/s    kB_wrtn/s    kB_dscd/s    kB_read    kB_wrtn    kB_dscd
nvme0n1           0.00         0.00         0.00         0.00          0          0          0


avg-cpu:  %user   %nice %system %iowait  %steal   %idle
           8.73    0.00    2.74    0.44    0.00   88.09

Device             tps    kB_read/s    kB_wrtn/s    kB_dscd/s    kB_read    kB_wrtn    kB_dscd
nvme0n1          41.00         0.00       224.00         0.00          0        224          0


avg-cpu:  %user   %nice %system %iowait  %steal   %idle
           7.39    0.00    2.98    0.06    0.00   89.57

Device             tps    kB_read/s    kB_wrtn/s    kB_dscd/s    kB_read    kB_wrtn    kB_dscd
nvme0n1           0.00         0.00         0.00         0.00          0          0          0


avg-cpu:  %user   %nice %system %iowait  %steal   %idle
           7.32    0.06    2.50    0.00    0.00   90.11

Device             tps    kB_read/s    kB_wrtn/s    kB_dscd/s    kB_read    kB_wrtn    kB_dscd
nvme0n1           1.00         0.00         4.00         0.00          0          4          0


avg-cpu:  %user   %nice %system %iowait  %steal   %idle
           9.10    0.00    2.80    0.00    0.00   88.10

Device             tps    kB_read/s    kB_wrtn/s    kB_dscd/s    kB_read    kB_wrtn    kB_dscd
nvme0n1           0.00         0.00         0.00         0.00          0          0          0


avg-cpu:  %user   %nice %system %iowait  %steal   %idle
           7.93    0.00    3.00    0.12    0.00   88.94

Device             tps    kB_read/s    kB_wrtn/s    kB_dscd/s    kB_read    kB_wrtn    kB_dscd
nvme0n1          28.00         0.00       368.00         0.00          0        368          0


avg-cpu:  %user   %nice %system %iowait  %steal   %idle
           8.74    0.00    3.02    0.06    0.00   88.18

Device             tps    kB_read/s    kB_wrtn/s    kB_dscd/s    kB_read    kB_wrtn    kB_dscd
nvme0n1          24.00         0.00       104.00         0.00          0        104          0


avg-cpu:  %user   %nice %system %iowait  %steal   %idle
           8.98    0.00    6.17    0.19    0.00   84.66

Device             tps    kB_read/s    kB_wrtn/s    kB_dscd/s    kB_read    kB_wrtn    kB_dscd
nvme0n1          55.00         0.00       656.00         0.00          0        656          0


avg-cpu:  %user   %nice %system %iowait  %steal   %idle
           8.87    0.06    7.15    0.00    0.00   83.92

Device             tps    kB_read/s    kB_wrtn/s    kB_dscd/s    kB_read    kB_wrtn    kB_dscd
nvme0n1          16.00         0.00        64.00         0.00          0         64          0


avg-cpu:  %user   %nice %system %iowait  %steal   %idle
           9.96    0.00    3.57    0.00    0.00   86.47

Device             tps    kB_read/s    kB_wrtn/s    kB_dscd/s    kB_read    kB_wrtn    kB_dscd
nvme0n1           0.00         0.00         0.00         0.00          0          0          0


avg-cpu:  %user   %nice %system %iowait  %steal   %idle
           7.28    0.00    2.70    0.00    0.00   90.02

Device             tps    kB_read/s    kB_wrtn/s    kB_dscd/s    kB_read    kB_wrtn    kB_dscd
nvme0n1           8.00         0.00        48.00         0.00          0         48          0


avg-cpu:  %user   %nice %system %iowait  %steal   %idle
           8.91    0.00    3.20    0.06    0.00   87.82

Device             tps    kB_read/s    kB_wrtn/s    kB_dscd/s    kB_read    kB_wrtn    kB_dscd
nvme0n1           3.00         0.00        12.00         0.00          0         12          0


avg-cpu:  %user   %nice %system %iowait  %steal   %idle
           8.28    0.00    2.26    0.00    0.00   89.46

Device             tps    kB_read/s    kB_wrtn/s    kB_dscd/s    kB_read    kB_wrtn    kB_dscd
nvme0n1           8.00         0.00        32.00         0.00          0         32          0


avg-cpu:  %user   %nice %system %iowait  %steal   %idle
           7.62    0.06    2.43    0.06    0.00   89.83

Device             tps    kB_read/s    kB_wrtn/s    kB_dscd/s    kB_read    kB_wrtn    kB_dscd
nvme0n1          40.00         0.00       344.00         0.00          0        344          0


avg-cpu:  %user   %nice %system %iowait  %steal   %idle
           9.36    0.00    2.95    0.00    0.00   87.69

Device             tps    kB_read/s    kB_wrtn/s    kB_dscd/s    kB_read    kB_wrtn    kB_dscd
nvme0n1           0.00         0.00         0.00         0.00          0          0          0


avg-cpu:  %user   %nice %system %iowait  %steal   %idle
           7.89    0.00    2.94    0.25    0.00   88.91

Device             tps    kB_read/s    kB_wrtn/s    kB_dscd/s    kB_read    kB_wrtn    kB_dscd
nvme0n1           0.00         0.00         0.00         0.00          0          0          0


avg-cpu:  %user   %nice %system %iowait  %steal   %idle
           8.84    0.00    2.70    0.25    0.00   88.21

Device             tps    kB_read/s    kB_wrtn/s    kB_dscd/s    kB_read    kB_wrtn    kB_dscd
nvme0n1          10.00         0.00        40.00         0.00          0         40          0


avg-cpu:  %user   %nice %system %iowait  %steal   %idle
           7.44    0.00    2.85    0.06    0.00   89.65

Device             tps    kB_read/s    kB_wrtn/s    kB_dscd/s    kB_read    kB_wrtn    kB_dscd
nvme0n1          18.00         0.00       376.00         0.00          0        376          0


avg-cpu:  %user   %nice %system %iowait  %steal   %idle
           6.84    0.06    3.39    0.13    0.00   89.59

Device             tps    kB_read/s    kB_wrtn/s    kB_dscd/s    kB_read    kB_wrtn    kB_dscd
nvme0n1          99.00       264.00       216.00         0.00        264        216          0

