Linux 6.11.3-arch1-1 (Legion-Arch-Linux) 	10/19/2024 	_x86_64_	(16 CPU)

avg-cpu:  %user   %nice %system %iowait  %steal   %idle
           7.17    0.09    5.70    0.18    0.00   86.86

Device             tps    kB_read/s    kB_wrtn/s    kB_dscd/s    kB_read    kB_wrtn    kB_dscd
nvme0n1         181.26      4970.66      3121.19         0.00    3717260    2334149          0


avg-cpu:  %user   %nice %system %iowait  %steal   %idle
           8.75    0.00    2.75    0.06    0.00   88.44

Device             tps    kB_read/s    kB_wrtn/s    kB_dscd/s    kB_read    kB_wrtn    kB_dscd
nvme0n1         195.00         0.00     12288.00         0.00          0      12288          0


avg-cpu:  %user   %nice %system %iowait  %steal   %idle
           7.83    0.00    2.94    0.06    0.00   89.16

Device             tps    kB_read/s    kB_wrtn/s    kB_dscd/s    kB_read    kB_wrtn    kB_dscd
nvme0n1           0.00         0.00         0.00         0.00          0          0          0


avg-cpu:  %user   %nice %system %iowait  %steal   %idle
           9.14    0.00    2.59    0.06    0.00   88.21

Device             tps    kB_read/s    kB_wrtn/s    kB_dscd/s    kB_read    kB_wrtn    kB_dscd
nvme0n1           8.00         0.00        56.00         0.00          0         56          0


avg-cpu:  %user   %nice %system %iowait  %steal   %idle
           8.02    0.00    3.11    0.06    0.00   88.81

Device             tps    kB_read/s    kB_wrtn/s    kB_dscd/s    kB_read    kB_wrtn    kB_dscd
nvme0n1          39.00         0.00       164.00         0.00          0        164          0


avg-cpu:  %user   %nice %system %iowait  %steal   %idle
           7.73    0.00    3.36    0.06    0.00   88.85

Device             tps    kB_read/s    kB_wrtn/s    kB_dscd/s    kB_read    kB_wrtn    kB_dscd
nvme0n1          12.00         0.00        88.00         0.00          0         88          0


avg-cpu:  %user   %nice %system %iowait  %steal   %idle
           8.86    0.00    3.31    0.12    0.00   87.70

Device             tps    kB_read/s    kB_wrtn/s    kB_dscd/s    kB_read    kB_wrtn    kB_dscd
nvme0n1         101.00         0.00     12288.00         0.00          0      12288          0


avg-cpu:  %user   %nice %system %iowait  %steal   %idle
           8.18    0.00    3.75    0.06    0.00   88.01

Device             tps    kB_read/s    kB_wrtn/s    kB_dscd/s    kB_read    kB_wrtn    kB_dscd
nvme0n1           8.00       112.00         0.00         0.00        112          0          0


avg-cpu:  %user   %nice %system %iowait  %steal   %idle
          10.11    0.06    3.49    0.12    0.00   86.21

Device             tps    kB_read/s    kB_wrtn/s    kB_dscd/s    kB_read    kB_wrtn    kB_dscd
nvme0n1          47.00         0.00       528.00         0.00          0        528          0


avg-cpu:  %user   %nice %system %iowait  %steal   %idle
           7.51    0.00    3.00    0.00    0.00   89.49

Device             tps    kB_read/s    kB_wrtn/s    kB_dscd/s    kB_read    kB_wrtn    kB_dscd
nvme0n1           0.00         0.00         0.00         0.00          0          0          0


avg-cpu:  %user   %nice %system %iowait  %steal   %idle
           8.05    0.00    2.87    0.06    0.00   89.01

Device             tps    kB_read/s    kB_wrtn/s    kB_dscd/s    kB_read    kB_wrtn    kB_dscd
nvme0n1          45.00         0.00       224.00         0.00          0        224          0


avg-cpu:  %user   %nice %system %iowait  %steal   %idle
           8.85    0.00    3.30    0.06    0.00   87.79

Device             tps    kB_read/s    kB_wrtn/s    kB_dscd/s    kB_read    kB_wrtn    kB_dscd
nvme0n1           0.00         0.00         0.00         0.00          0          0          0


avg-cpu:  %user   %nice %system %iowait  %steal   %idle
           7.43    0.00    3.34    0.00    0.00   89.23

Device             tps    kB_read/s    kB_wrtn/s    kB_dscd/s    kB_read    kB_wrtn    kB_dscd
nvme0n1           3.00         0.00        12.00         0.00          0         12          0


avg-cpu:  %user   %nice %system %iowait  %steal   %idle
           9.67    0.00    2.95    0.00    0.00   87.37

Device             tps    kB_read/s    kB_wrtn/s    kB_dscd/s    kB_read    kB_wrtn    kB_dscd
nvme0n1           0.00         0.00         0.00         0.00          0          0          0


avg-cpu:  %user   %nice %system %iowait  %steal   %idle
           7.96    0.00    3.11    0.19    0.00   88.74

Device             tps    kB_read/s    kB_wrtn/s    kB_dscd/s    kB_read    kB_wrtn    kB_dscd
nvme0n1          25.00         0.00       324.00         0.00          0        324          0


avg-cpu:  %user   %nice %system %iowait  %steal   %idle
           7.61    0.00    2.99    0.12    0.00   89.27

Device             tps    kB_read/s    kB_wrtn/s    kB_dscd/s    kB_read    kB_wrtn    kB_dscd
nvme0n1          15.00         0.00       276.00         0.00          0        276          0


avg-cpu:  %user   %nice %system %iowait  %steal   %idle
           9.02    0.00    3.48    0.00    0.00   87.49

Device             tps    kB_read/s    kB_wrtn/s    kB_dscd/s    kB_read    kB_wrtn    kB_dscd
nvme0n1          37.00         0.00       160.00         0.00          0        160          0


avg-cpu:  %user   %nice %system %iowait  %steal   %idle
           7.25    0.00    2.50    0.06    0.00   90.19

Device             tps    kB_read/s    kB_wrtn/s    kB_dscd/s    kB_read    kB_wrtn    kB_dscd
nvme0n1           6.00         0.00        88.00         0.00          0         88          0


avg-cpu:  %user   %nice %system %iowait  %steal   %idle
           9.38    0.06    3.06    0.06    0.00   87.43

Device             tps    kB_read/s    kB_wrtn/s    kB_dscd/s    kB_read    kB_wrtn    kB_dscd
nvme0n1           1.00         0.00         0.00         0.00          0          0          0


avg-cpu:  %user   %nice %system %iowait  %steal   %idle
           7.31    0.00    2.69    0.12    0.00   89.88

Device             tps    kB_read/s    kB_wrtn/s    kB_dscd/s    kB_read    kB_wrtn    kB_dscd
nvme0n1          24.00         0.00       104.00         0.00          0        104          0


avg-cpu:  %user   %nice %system %iowait  %steal   %idle
           7.50    0.00    2.88    0.00    0.00   89.62

Device             tps    kB_read/s    kB_wrtn/s    kB_dscd/s    kB_read    kB_wrtn    kB_dscd
nvme0n1           0.00         0.00         0.00         0.00          0          0          0


avg-cpu:  %user   %nice %system %iowait  %steal   %idle
           8.79    0.00    3.14    0.06    0.00   88.01

Device             tps    kB_read/s    kB_wrtn/s    kB_dscd/s    kB_read    kB_wrtn    kB_dscd
nvme0n1          20.00         0.00       360.00         0.00          0        360          0


avg-cpu:  %user   %nice %system %iowait  %steal   %idle
           7.81    0.00    2.90    0.06    0.00   89.22

Device             tps    kB_read/s    kB_wrtn/s    kB_dscd/s    kB_read    kB_wrtn    kB_dscd
nvme0n1          86.00         0.00       444.00         0.00          0        444          0


avg-cpu:  %user   %nice %system %iowait  %steal   %idle
           9.71    0.06    3.26    0.06    0.00   86.90

Device             tps    kB_read/s    kB_wrtn/s    kB_dscd/s    kB_read    kB_wrtn    kB_dscd
nvme0n1           0.00         0.00         0.00         0.00          0          0          0


avg-cpu:  %user   %nice %system %iowait  %steal   %idle
           7.76    0.56    3.94    0.06    0.00   87.66

Device             tps    kB_read/s    kB_wrtn/s    kB_dscd/s    kB_read    kB_wrtn    kB_dscd
nvme0n1           1.00         4.00         0.00         0.00          4          0          0


avg-cpu:  %user   %nice %system %iowait  %steal   %idle
           7.37    0.38    3.15    0.00    0.00   89.10

Device             tps    kB_read/s    kB_wrtn/s    kB_dscd/s    kB_read    kB_wrtn    kB_dscd
nvme0n1           0.00         0.00         0.00         0.00          0          0          0


avg-cpu:  %user   %nice %system %iowait  %steal   %idle
          10.64    0.00    2.89    0.06    0.00   86.41

Device             tps    kB_read/s    kB_wrtn/s    kB_dscd/s    kB_read    kB_wrtn    kB_dscd
nvme0n1          16.00         0.00       144.00         0.00          0        144          0


avg-cpu:  %user   %nice %system %iowait  %steal   %idle
           9.19    0.00    2.85    0.19    0.00   87.76

Device             tps    kB_read/s    kB_wrtn/s    kB_dscd/s    kB_read    kB_wrtn    kB_dscd
nvme0n1          42.00         4.00      2436.00         0.00          4       2436          0


avg-cpu:  %user   %nice %system %iowait  %steal   %idle
          11.81    0.06    3.41    0.06    0.00   84.66

Device             tps    kB_read/s    kB_wrtn/s    kB_dscd/s    kB_read    kB_wrtn    kB_dscd
nvme0n1          37.00         0.00       156.00         0.00          0        156          0


avg-cpu:  %user   %nice %system %iowait  %steal   %idle
           8.23    0.00    2.70    0.00    0.00   89.07

Device             tps    kB_read/s    kB_wrtn/s    kB_dscd/s    kB_read    kB_wrtn    kB_dscd
nvme0n1           5.00         0.00        52.00         0.00          0         52          0


avg-cpu:  %user   %nice %system %iowait  %steal   %idle
           8.00    0.00    3.06    0.00    0.00   88.94

Device             tps    kB_read/s    kB_wrtn/s    kB_dscd/s    kB_read    kB_wrtn    kB_dscd
nvme0n1           0.00         0.00         0.00         0.00          0          0          0


avg-cpu:  %user   %nice %system %iowait  %steal   %idle
           9.77    0.00    3.84    0.19    0.00   86.20

Device             tps    kB_read/s    kB_wrtn/s    kB_dscd/s    kB_read    kB_wrtn    kB_dscd
nvme0n1         120.00      1300.00        60.00         0.00       1300         60          0


avg-cpu:  %user   %nice %system %iowait  %steal   %idle
           8.55    0.00    4.59    0.25    0.00   86.61

Device             tps    kB_read/s    kB_wrtn/s    kB_dscd/s    kB_read    kB_wrtn    kB_dscd
nvme0n1         218.00      2124.00        80.00         0.00       2124         80          0


avg-cpu:  %user   %nice %system %iowait  %steal   %idle
          10.09    0.06    2.68    0.06    0.00   87.10

Device             tps    kB_read/s    kB_wrtn/s    kB_dscd/s    kB_read    kB_wrtn    kB_dscd
nvme0n1           1.00         4.00         0.00         0.00          4          0          0


avg-cpu:  %user   %nice %system %iowait  %steal   %idle
           7.73    0.00    3.08    0.06    0.00   89.13

Device             tps    kB_read/s    kB_wrtn/s    kB_dscd/s    kB_read    kB_wrtn    kB_dscd
nvme0n1          38.00         0.00       164.00         0.00          0        164          0


avg-cpu:  %user   %nice %system %iowait  %steal   %idle
           7.76    0.00    2.82    0.06    0.00   89.36

Device             tps    kB_read/s    kB_wrtn/s    kB_dscd/s    kB_read    kB_wrtn    kB_dscd
nvme0n1           0.00         0.00         0.00         0.00          0          0          0


avg-cpu:  %user   %nice %system %iowait  %steal   %idle
           8.46    0.00    2.70    0.00    0.00   88.84

Device             tps    kB_read/s    kB_wrtn/s    kB_dscd/s    kB_read    kB_wrtn    kB_dscd
nvme0n1           3.00         0.00        12.00         0.00          0         12          0


avg-cpu:  %user   %nice %system %iowait  %steal   %idle
           8.46    0.00    4.26    0.00    0.00   87.27

Device             tps    kB_read/s    kB_wrtn/s    kB_dscd/s    kB_read    kB_wrtn    kB_dscd
nvme0n1          15.00         0.00        64.00         0.00          0         64          0


avg-cpu:  %user   %nice %system %iowait  %steal   %idle
          10.43    0.00    3.46    0.13    0.00   85.98

Device             tps    kB_read/s    kB_wrtn/s    kB_dscd/s    kB_read    kB_wrtn    kB_dscd
nvme0n1          30.00         0.00       184.00         0.00          0        184          0


avg-cpu:  %user   %nice %system %iowait  %steal   %idle
           7.67    0.00    2.99    0.00    0.00   89.34

Device             tps    kB_read/s    kB_wrtn/s    kB_dscd/s    kB_read    kB_wrtn    kB_dscd
nvme0n1           0.00         0.00         0.00         0.00          0          0          0


avg-cpu:  %user   %nice %system %iowait  %steal   %idle
           7.48    0.00    3.12    0.31    0.00   89.09

Device             tps    kB_read/s    kB_wrtn/s    kB_dscd/s    kB_read    kB_wrtn    kB_dscd
nvme0n1          39.00         0.00       164.00         0.00          0        164          0


avg-cpu:  %user   %nice %system %iowait  %steal   %idle
           9.01    2.96    5.98    0.00    0.00   82.05

Device             tps    kB_read/s    kB_wrtn/s    kB_dscd/s    kB_read    kB_wrtn    kB_dscd
nvme0n1           0.00         0.00         0.00         0.00          0          0          0


avg-cpu:  %user   %nice %system %iowait  %steal   %idle
           7.17    1.18    3.36    0.00    0.00   88.29

Device             tps    kB_read/s    kB_wrtn/s    kB_dscd/s    kB_read    kB_wrtn    kB_dscd
nvme0n1           0.00         0.00         0.00         0.00          0          0          0


avg-cpu:  %user   %nice %system %iowait  %steal   %idle
           9.11    0.06    2.62    0.00    0.00   88.21

Device             tps    kB_read/s    kB_wrtn/s    kB_dscd/s    kB_read    kB_wrtn    kB_dscd
nvme0n1           3.00         0.00        12.00         0.00          0         12          0


avg-cpu:  %user   %nice %system %iowait  %steal   %idle
           7.42    0.00    2.74    0.06    0.00   89.78

Device             tps    kB_read/s    kB_wrtn/s    kB_dscd/s    kB_read    kB_wrtn    kB_dscd
nvme0n1          12.00         0.00        92.00         0.00          0         92          0


avg-cpu:  %user   %nice %system %iowait  %steal   %idle
           7.74    0.57    3.40    0.13    0.00   88.17

Device             tps    kB_read/s    kB_wrtn/s    kB_dscd/s    kB_read    kB_wrtn    kB_dscd
nvme0n1          21.00         0.00       548.00         0.00          0        548          0


avg-cpu:  %user   %nice %system %iowait  %steal   %idle
           9.03    0.00    3.46    0.06    0.00   87.45

Device             tps    kB_read/s    kB_wrtn/s    kB_dscd/s    kB_read    kB_wrtn    kB_dscd
nvme0n1          71.00         0.00       304.00         0.00          0        304          0


avg-cpu:  %user   %nice %system %iowait  %steal   %idle
           7.68    0.00    2.12    0.00    0.00   90.20

Device             tps    kB_read/s    kB_wrtn/s    kB_dscd/s    kB_read    kB_wrtn    kB_dscd
nvme0n1           4.00         0.00        56.00         0.00          0         56          0


avg-cpu:  %user   %nice %system %iowait  %steal   %idle
          11.27    0.06    3.51    0.06    0.00   85.10

Device             tps    kB_read/s    kB_wrtn/s    kB_dscd/s    kB_read    kB_wrtn    kB_dscd
nvme0n1           0.00         0.00         0.00         0.00          0          0          0


avg-cpu:  %user   %nice %system %iowait  %steal   %idle
           8.71    0.00    2.95    0.00    0.00   88.34

Device             tps    kB_read/s    kB_wrtn/s    kB_dscd/s    kB_read    kB_wrtn    kB_dscd
nvme0n1          12.00         0.00        52.00         0.00          0         52          0


avg-cpu:  %user   %nice %system %iowait  %steal   %idle
           7.85    0.00    2.99    0.06    0.00   89.10

Device             tps    kB_read/s    kB_wrtn/s    kB_dscd/s    kB_read    kB_wrtn    kB_dscd
nvme0n1          10.00         0.00        40.00         0.00          0         40          0


avg-cpu:  %user   %nice %system %iowait  %steal   %idle
           8.90    0.00    3.17    0.12    0.00   87.80

Device             tps    kB_read/s    kB_wrtn/s    kB_dscd/s    kB_read    kB_wrtn    kB_dscd
nvme0n1           4.00        20.00        48.00         0.00         20         48          0


avg-cpu:  %user   %nice %system %iowait  %steal   %idle
           9.65    0.00    5.23    0.19    0.00   84.93

Device             tps    kB_read/s    kB_wrtn/s    kB_dscd/s    kB_read    kB_wrtn    kB_dscd
nvme0n1         169.00      1256.00       976.00         0.00       1256        976          0


avg-cpu:  %user   %nice %system %iowait  %steal   %idle
          14.08    0.06    2.95    0.06    0.00   82.84

Device             tps    kB_read/s    kB_wrtn/s    kB_dscd/s    kB_read    kB_wrtn    kB_dscd
nvme0n1          29.00       720.00       232.00         0.00        720        232          0


avg-cpu:  %user   %nice %system %iowait  %steal   %idle
           7.32    0.00    1.75    0.00    0.00   90.93

Device             tps    kB_read/s    kB_wrtn/s    kB_dscd/s    kB_read    kB_wrtn    kB_dscd
nvme0n1           0.00         0.00         0.00         0.00          0          0          0


avg-cpu:  %user   %nice %system %iowait  %steal   %idle
           8.18    0.00    2.56    0.00    0.00   89.26

Device             tps    kB_read/s    kB_wrtn/s    kB_dscd/s    kB_read    kB_wrtn    kB_dscd
nvme0n1           1.00         0.00         4.00         0.00          0          4          0


avg-cpu:  %user   %nice %system %iowait  %steal   %idle
           8.80    0.00    2.70    0.19    0.00   88.31

Device             tps    kB_read/s    kB_wrtn/s    kB_dscd/s    kB_read    kB_wrtn    kB_dscd
nvme0n1          39.00         0.00       176.00         0.00          0        176          0


avg-cpu:  %user   %nice %system %iowait  %steal   %idle
           7.42    0.00    2.56    0.00    0.00   90.02

Device             tps    kB_read/s    kB_wrtn/s    kB_dscd/s    kB_read    kB_wrtn    kB_dscd
nvme0n1           0.00         0.00         0.00         0.00          0          0          0


avg-cpu:  %user   %nice %system %iowait  %steal   %idle
           9.53    0.06    3.12    0.31    0.00   86.98

Device             tps    kB_read/s    kB_wrtn/s    kB_dscd/s    kB_read    kB_wrtn    kB_dscd
nvme0n1          82.00         0.00       416.00         0.00          0        416          0


avg-cpu:  %user   %nice %system %iowait  %steal   %idle
           7.47    0.00    2.57    0.00    0.00   89.96

Device             tps    kB_read/s    kB_wrtn/s    kB_dscd/s    kB_read    kB_wrtn    kB_dscd
nvme0n1           3.00         0.00        28.00         0.00          0         28          0


avg-cpu:  %user   %nice %system %iowait  %steal   %idle
           7.63    0.00    3.25    0.13    0.00   88.99

Device             tps    kB_read/s    kB_wrtn/s    kB_dscd/s    kB_read    kB_wrtn    kB_dscd
nvme0n1           3.00        12.00         0.00         0.00         12          0          0


avg-cpu:  %user   %nice %system %iowait  %steal   %idle
           9.53    0.00    3.47    0.00    0.00   86.99

Device             tps    kB_read/s    kB_wrtn/s    kB_dscd/s    kB_read    kB_wrtn    kB_dscd
nvme0n1           1.00         0.00         4.00         0.00          0          4          0


avg-cpu:  %user   %nice %system %iowait  %steal   %idle
           9.49    0.00    5.34    0.00    0.00   85.17

Device             tps    kB_read/s    kB_wrtn/s    kB_dscd/s    kB_read    kB_wrtn    kB_dscd
nvme0n1           6.00         0.00        24.00         0.00          0         24          0


avg-cpu:  %user   %nice %system %iowait  %steal   %idle
           9.89    0.06    4.17    0.12    0.00   85.75

Device             tps    kB_read/s    kB_wrtn/s    kB_dscd/s    kB_read    kB_wrtn    kB_dscd
nvme0n1          93.00         8.00       468.00         0.00          8        468          0


avg-cpu:  %user   %nice %system %iowait  %steal   %idle
           8.09    0.00    3.24    0.06    0.00   88.61

Device             tps    kB_read/s    kB_wrtn/s    kB_dscd/s    kB_read    kB_wrtn    kB_dscd
nvme0n1           0.00         0.00         0.00         0.00          0          0          0


avg-cpu:  %user   %nice %system %iowait  %steal   %idle
           7.48    0.00    2.62    0.00    0.00   89.91

Device             tps    kB_read/s    kB_wrtn/s    kB_dscd/s    kB_read    kB_wrtn    kB_dscd
nvme0n1           0.00         0.00         0.00         0.00          0          0          0


avg-cpu:  %user   %nice %system %iowait  %steal   %idle
           8.39    0.00    2.80    0.00    0.00   88.81

Device             tps    kB_read/s    kB_wrtn/s    kB_dscd/s    kB_read    kB_wrtn    kB_dscd
nvme0n1           0.00         0.00         0.00         0.00          0          0          0


avg-cpu:  %user   %nice %system %iowait  %steal   %idle
           7.46    0.00    2.42    0.25    0.00   89.87

Device             tps    kB_read/s    kB_wrtn/s    kB_dscd/s    kB_read    kB_wrtn    kB_dscd
nvme0n1           7.00         0.00       248.00         0.00          0        248          0


avg-cpu:  %user   %nice %system %iowait  %steal   %idle
           9.32    0.06    2.32    0.00    0.00   88.30

Device             tps    kB_read/s    kB_wrtn/s    kB_dscd/s    kB_read    kB_wrtn    kB_dscd
nvme0n1           8.00         0.00        40.00         0.00          0         40          0


avg-cpu:  %user   %nice %system %iowait  %steal   %idle
           7.64    0.00    2.86    0.06    0.00   89.43

Device             tps    kB_read/s    kB_wrtn/s    kB_dscd/s    kB_read    kB_wrtn    kB_dscd
nvme0n1           8.00         0.00        72.00         0.00          0         72          0


avg-cpu:  %user   %nice %system %iowait  %steal   %idle
           7.32    0.00    2.67    0.06    0.00   89.95

Device             tps    kB_read/s    kB_wrtn/s    kB_dscd/s    kB_read    kB_wrtn    kB_dscd
nvme0n1          37.00         0.00       156.00         0.00          0        156          0


avg-cpu:  %user   %nice %system %iowait  %steal   %idle
           8.53    0.00    2.55    0.00    0.00   88.92

Device             tps    kB_read/s    kB_wrtn/s    kB_dscd/s    kB_read    kB_wrtn    kB_dscd
nvme0n1           0.00         0.00         0.00         0.00          0          0          0


avg-cpu:  %user   %nice %system %iowait  %steal   %idle
           7.52    0.00    2.80    0.06    0.00   89.62

Device             tps    kB_read/s    kB_wrtn/s    kB_dscd/s    kB_read    kB_wrtn    kB_dscd
nvme0n1          17.00         0.00       132.00         0.00          0        132          0


avg-cpu:  %user   %nice %system %iowait  %steal   %idle
           9.47    0.06    2.57    0.13    0.00   87.77

Device             tps    kB_read/s    kB_wrtn/s    kB_dscd/s    kB_read    kB_wrtn    kB_dscd
nvme0n1           7.00         0.00        28.00         0.00          0         28          0


avg-cpu:  %user   %nice %system %iowait  %steal   %idle
           7.34    0.00    1.88    0.00    0.00   90.77

Device             tps    kB_read/s    kB_wrtn/s    kB_dscd/s    kB_read    kB_wrtn    kB_dscd
nvme0n1           0.00         0.00         0.00         0.00          0          0          0


avg-cpu:  %user   %nice %system %iowait  %steal   %idle
           7.34    0.00    2.55    0.25    0.00   89.86

Device             tps    kB_read/s    kB_wrtn/s    kB_dscd/s    kB_read    kB_wrtn    kB_dscd
nvme0n1           6.00         0.00        96.00         0.00          0         96          0


avg-cpu:  %user   %nice %system %iowait  %steal   %idle
           8.33    0.00    2.92    0.06    0.00   88.68

Device             tps    kB_read/s    kB_wrtn/s    kB_dscd/s    kB_read    kB_wrtn    kB_dscd
nvme0n1          39.00         0.00       164.00         0.00          0        164          0


avg-cpu:  %user   %nice %system %iowait  %steal   %idle
           7.49    0.00    2.74    0.06    0.00   89.71

Device             tps    kB_read/s    kB_wrtn/s    kB_dscd/s    kB_read    kB_wrtn    kB_dscd
nvme0n1          20.00         0.00        96.00         0.00          0         96          0


avg-cpu:  %user   %nice %system %iowait  %steal   %idle
           9.43    0.12    2.31    0.06    0.00   88.08

Device             tps    kB_read/s    kB_wrtn/s    kB_dscd/s    kB_read    kB_wrtn    kB_dscd
nvme0n1           1.00         0.00         0.00         0.00          0          0          0


avg-cpu:  %user   %nice %system %iowait  %steal   %idle
           7.31    0.00    2.06    0.06    0.00   90.57

Device             tps    kB_read/s    kB_wrtn/s    kB_dscd/s    kB_read    kB_wrtn    kB_dscd
nvme0n1           7.00         0.00        28.00         0.00          0         28          0


avg-cpu:  %user   %nice %system %iowait  %steal   %idle
           7.18    0.00    2.37    0.00    0.00   90.44

Device             tps    kB_read/s    kB_wrtn/s    kB_dscd/s    kB_read    kB_wrtn    kB_dscd
nvme0n1           0.00         0.00         0.00         0.00          0          0          0


avg-cpu:  %user   %nice %system %iowait  %steal   %idle
           8.53    0.00    2.99    0.19    0.00   88.29

Device             tps    kB_read/s    kB_wrtn/s    kB_dscd/s    kB_read    kB_wrtn    kB_dscd
nvme0n1          11.00         0.00       256.00         0.00          0        256          0


avg-cpu:  %user   %nice %system %iowait  %steal   %idle
           7.31    0.00    2.25    0.06    0.00   90.38

Device             tps    kB_read/s    kB_wrtn/s    kB_dscd/s    kB_read    kB_wrtn    kB_dscd
nvme0n1          40.00         0.00       172.00         0.00          0        172          0


avg-cpu:  %user   %nice %system %iowait  %steal   %idle
           9.27    0.00    2.86    0.00    0.00   87.87

Device             tps    kB_read/s    kB_wrtn/s    kB_dscd/s    kB_read    kB_wrtn    kB_dscd
nvme0n1           0.00         0.00         0.00         0.00          0          0          0


avg-cpu:  %user   %nice %system %iowait  %steal   %idle
           7.42    0.00    2.43    0.00    0.00   90.15

Device             tps    kB_read/s    kB_wrtn/s    kB_dscd/s    kB_read    kB_wrtn    kB_dscd
nvme0n1           0.00         0.00         0.00         0.00          0          0          0


avg-cpu:  %user   %nice %system %iowait  %steal   %idle
           7.29    0.00    2.93    0.31    0.00   89.48

Device             tps    kB_read/s    kB_wrtn/s    kB_dscd/s    kB_read    kB_wrtn    kB_dscd
nvme0n1           8.00         0.00        48.00         0.00          0         48          0


avg-cpu:  %user   %nice %system %iowait  %steal   %idle
           8.58    0.00    2.01    0.06    0.00   89.35

Device             tps    kB_read/s    kB_wrtn/s    kB_dscd/s    kB_read    kB_wrtn    kB_dscd
nvme0n1          11.00         0.00       108.00         0.00          0        108          0


avg-cpu:  %user   %nice %system %iowait  %steal   %idle
           7.12    0.00    2.31    0.00    0.00   90.57

Device             tps    kB_read/s    kB_wrtn/s    kB_dscd/s    kB_read    kB_wrtn    kB_dscd
nvme0n1           0.00         0.00         0.00         0.00          0          0          0


avg-cpu:  %user   %nice %system %iowait  %steal   %idle
           9.41    0.06    2.62    0.19    0.00   87.73

Device             tps    kB_read/s    kB_wrtn/s    kB_dscd/s    kB_read    kB_wrtn    kB_dscd
nvme0n1          39.00         0.00       164.00         0.00          0        164          0


avg-cpu:  %user   %nice %system %iowait  %steal   %idle
           7.53    0.00    2.68    0.06    0.00   89.73

Device             tps    kB_read/s    kB_wrtn/s    kB_dscd/s    kB_read    kB_wrtn    kB_dscd
nvme0n1           0.00         0.00         0.00         0.00          0          0          0


avg-cpu:  %user   %nice %system %iowait  %steal   %idle
           7.40    0.00    2.74    0.00    0.00   89.86

Device             tps    kB_read/s    kB_wrtn/s    kB_dscd/s    kB_read    kB_wrtn    kB_dscd
nvme0n1           0.00         0.00         0.00         0.00          0          0          0


avg-cpu:  %user   %nice %system %iowait  %steal   %idle
           8.39    0.00    2.50    0.25    0.00   88.86

Device             tps    kB_read/s    kB_wrtn/s    kB_dscd/s    kB_read    kB_wrtn    kB_dscd
nvme0n1          20.00         0.00        84.00         0.00          0         84          0


avg-cpu:  %user   %nice %system %iowait  %steal   %idle
           7.38    0.00    2.19    0.13    0.00   90.31

Device             tps    kB_read/s    kB_wrtn/s    kB_dscd/s    kB_read    kB_wrtn    kB_dscd
nvme0n1           5.00         0.00        44.00         0.00          0         44          0


avg-cpu:  %user   %nice %system %iowait  %steal   %idle
           9.23    0.00    2.32    0.06    0.00   88.39

Device             tps    kB_read/s    kB_wrtn/s    kB_dscd/s    kB_read    kB_wrtn    kB_dscd
nvme0n1           0.00         0.00         0.00         0.00          0          0          0


avg-cpu:  %user   %nice %system %iowait  %steal   %idle
           7.37    0.00    2.56    0.12    0.00   89.94

Device             tps    kB_read/s    kB_wrtn/s    kB_dscd/s    kB_read    kB_wrtn    kB_dscd
nvme0n1          86.00         0.00       476.00         0.00          0        476          0


avg-cpu:  %user   %nice %system %iowait  %steal   %idle
           7.11    0.00    2.43    0.00    0.00   90.46

Device             tps    kB_read/s    kB_wrtn/s    kB_dscd/s    kB_read    kB_wrtn    kB_dscd
nvme0n1           0.00         0.00         0.00         0.00          0          0          0


avg-cpu:  %user   %nice %system %iowait  %steal   %idle
           8.33    0.00    2.13    0.00    0.00   89.54

Device             tps    kB_read/s    kB_wrtn/s    kB_dscd/s    kB_read    kB_wrtn    kB_dscd
nvme0n1           0.00         0.00         0.00         0.00          0          0          0


avg-cpu:  %user   %nice %system %iowait  %steal   %idle
           7.16    0.00    2.68    0.25    0.00   89.91

Device             tps    kB_read/s    kB_wrtn/s    kB_dscd/s    kB_read    kB_wrtn    kB_dscd
nvme0n1          10.00         0.00        48.00         0.00          0         48          0


avg-cpu:  %user   %nice %system %iowait  %steal   %idle
           8.97    0.06    2.95    0.06    0.00   87.95

Device             tps    kB_read/s    kB_wrtn/s    kB_dscd/s    kB_read    kB_wrtn    kB_dscd
nvme0n1           0.00         0.00         0.00         0.00          0          0          0


avg-cpu:  %user   %nice %system %iowait  %steal   %idle
           7.15    0.00    2.80    0.06    0.00   89.99

Device             tps    kB_read/s    kB_wrtn/s    kB_dscd/s    kB_read    kB_wrtn    kB_dscd
nvme0n1           2.00         0.00        48.00         0.00          0         48          0


avg-cpu:  %user   %nice %system %iowait  %steal   %idle
           7.27    0.00    2.55    0.00    0.00   90.18

Device             tps    kB_read/s    kB_wrtn/s    kB_dscd/s    kB_read    kB_wrtn    kB_dscd
nvme0n1           0.00         0.00         0.00         0.00          0          0          0


avg-cpu:  %user   %nice %system %iowait  %steal   %idle
           8.26    0.00    2.56    0.06    0.00   89.12

Device             tps    kB_read/s    kB_wrtn/s    kB_dscd/s    kB_read    kB_wrtn    kB_dscd
nvme0n1          40.00         0.00       168.00         0.00          0        168          0


avg-cpu:  %user   %nice %system %iowait  %steal   %idle
           7.55    0.00    2.56    0.06    0.00   89.83

Device             tps    kB_read/s    kB_wrtn/s    kB_dscd/s    kB_read    kB_wrtn    kB_dscd
nvme0n1           7.00         0.00        36.00         0.00          0         36          0


avg-cpu:  %user   %nice %system %iowait  %steal   %idle
           9.33    0.00    2.80    0.00    0.00   87.87

Device             tps    kB_read/s    kB_wrtn/s    kB_dscd/s    kB_read    kB_wrtn    kB_dscd
nvme0n1           1.00         0.00         4.00         0.00          0          4          0


avg-cpu:  %user   %nice %system %iowait  %steal   %idle
           7.41    0.00    2.43    0.00    0.00   90.16

Device             tps    kB_read/s    kB_wrtn/s    kB_dscd/s    kB_read    kB_wrtn    kB_dscd
nvme0n1           8.00         0.00        32.00         0.00          0         32          0


avg-cpu:  %user   %nice %system %iowait  %steal   %idle
           7.39    0.00    2.67    0.06    0.00   89.88

Device             tps    kB_read/s    kB_wrtn/s    kB_dscd/s    kB_read    kB_wrtn    kB_dscd
nvme0n1           8.00         0.00        48.00         0.00          0         48          0


avg-cpu:  %user   %nice %system %iowait  %steal   %idle
           8.60    0.00    2.99    0.19    0.00   88.22

Device             tps    kB_read/s    kB_wrtn/s    kB_dscd/s    kB_read    kB_wrtn    kB_dscd
nvme0n1           6.00         0.00        72.00         0.00          0         72          0


avg-cpu:  %user   %nice %system %iowait  %steal   %idle
           7.51    0.00    2.67    0.00    0.00   89.83

Device             tps    kB_read/s    kB_wrtn/s    kB_dscd/s    kB_read    kB_wrtn    kB_dscd
nvme0n1          39.00         0.00       164.00         0.00          0        164          0


avg-cpu:  %user   %nice %system %iowait  %steal   %idle
           9.34    0.06    2.62    0.00    0.00   87.98

Device             tps    kB_read/s    kB_wrtn/s    kB_dscd/s    kB_read    kB_wrtn    kB_dscd
nvme0n1           7.00         0.00        36.00         0.00          0         36          0


avg-cpu:  %user   %nice %system %iowait  %steal   %idle
           7.41    0.00    2.62    0.00    0.00   89.98

Device             tps    kB_read/s    kB_wrtn/s    kB_dscd/s    kB_read    kB_wrtn    kB_dscd
nvme0n1           1.00         0.00         4.00         0.00          0          4          0


avg-cpu:  %user   %nice %system %iowait  %steal   %idle
           7.42    0.00    2.74    0.12    0.00   89.71

Device             tps    kB_read/s    kB_wrtn/s    kB_dscd/s    kB_read    kB_wrtn    kB_dscd
nvme0n1           0.00         0.00         0.00         0.00          0          0          0


avg-cpu:  %user   %nice %system %iowait  %steal   %idle
           8.39    0.00    2.80    0.06    0.00   88.75

Device             tps    kB_read/s    kB_wrtn/s    kB_dscd/s    kB_read    kB_wrtn    kB_dscd
nvme0n1          15.00         0.00       172.00         0.00          0        172          0


avg-cpu:  %user   %nice %system %iowait  %steal   %idle
           7.41    0.00    2.30    0.06    0.00   90.22

Device             tps    kB_read/s    kB_wrtn/s    kB_dscd/s    kB_read    kB_wrtn    kB_dscd
nvme0n1           2.00         0.00        48.00         0.00          0         48          0


avg-cpu:  %user   %nice %system %iowait  %steal   %idle
           9.12    0.13    2.14    0.00    0.00   88.62

Device             tps    kB_read/s    kB_wrtn/s    kB_dscd/s    kB_read    kB_wrtn    kB_dscd
nvme0n1          41.00         0.00       172.00         0.00          0        172          0


avg-cpu:  %user   %nice %system %iowait  %steal   %idle
           7.25    0.00    2.50    0.19    0.00   90.07

Device             tps    kB_read/s    kB_wrtn/s    kB_dscd/s    kB_read    kB_wrtn    kB_dscd
nvme0n1           6.00         0.00        24.00         0.00          0         24          0


avg-cpu:  %user   %nice %system %iowait  %steal   %idle
           7.24    0.00    2.50    0.00    0.00   90.26

Device             tps    kB_read/s    kB_wrtn/s    kB_dscd/s    kB_read    kB_wrtn    kB_dscd
nvme0n1           1.00         0.00         4.00         0.00          0          4          0


avg-cpu:  %user   %nice %system %iowait  %steal   %idle
           8.40    0.00    2.61    0.00    0.00   88.99

Device             tps    kB_read/s    kB_wrtn/s    kB_dscd/s    kB_read    kB_wrtn    kB_dscd
nvme0n1           0.00         0.00         0.00         0.00          0          0          0


avg-cpu:  %user   %nice %system %iowait  %steal   %idle
           7.42    0.00    2.31    0.00    0.00   90.27

Device             tps    kB_read/s    kB_wrtn/s    kB_dscd/s    kB_read    kB_wrtn    kB_dscd
nvme0n1           7.00         0.00        28.00         0.00          0         28          0


avg-cpu:  %user   %nice %system %iowait  %steal   %idle
           9.30    0.06    2.93    0.12    0.00   87.58

Device             tps    kB_read/s    kB_wrtn/s    kB_dscd/s    kB_read    kB_wrtn    kB_dscd
nvme0n1           0.00         0.00         0.00         0.00          0          0          0


avg-cpu:  %user   %nice %system %iowait  %steal   %idle
           7.42    0.00    2.25    0.06    0.00   90.27

Device             tps    kB_read/s    kB_wrtn/s    kB_dscd/s    kB_read    kB_wrtn    kB_dscd
nvme0n1          42.00         0.00       188.00         0.00          0        188          0


avg-cpu:  %user   %nice %system %iowait  %steal   %idle
           7.32    0.00    2.79    0.00    0.00   89.88

Device             tps    kB_read/s    kB_wrtn/s    kB_dscd/s    kB_read    kB_wrtn    kB_dscd
nvme0n1           8.00         0.00        32.00         0.00          0         32          0


avg-cpu:  %user   %nice %system %iowait  %steal   %idle
           8.52    0.00    2.80    0.00    0.00   88.68

Device             tps    kB_read/s    kB_wrtn/s    kB_dscd/s    kB_read    kB_wrtn    kB_dscd
nvme0n1           1.00         0.00         4.00         0.00          0          4          0


avg-cpu:  %user   %nice %system %iowait  %steal   %idle
           7.44    0.00    2.25    0.13    0.00   90.18

Device             tps    kB_read/s    kB_wrtn/s    kB_dscd/s    kB_read    kB_wrtn    kB_dscd
nvme0n1           0.00         0.00         0.00         0.00          0          0          0


avg-cpu:  %user   %nice %system %iowait  %steal   %idle
           9.37    0.00    3.17    0.00    0.00   87.46

Device             tps    kB_read/s    kB_wrtn/s    kB_dscd/s    kB_read    kB_wrtn    kB_dscd
nvme0n1           0.00         0.00         0.00         0.00          0          0          0


avg-cpu:  %user   %nice %system %iowait  %steal   %idle
           7.22    0.00    2.55    0.19    0.00   90.04

Device             tps    kB_read/s    kB_wrtn/s    kB_dscd/s    kB_read    kB_wrtn    kB_dscd
nvme0n1           0.00         0.00         0.00         0.00          0          0          0


avg-cpu:  %user   %nice %system %iowait  %steal   %idle
           7.47    0.00    2.43    0.00    0.00   90.11

Device             tps    kB_read/s    kB_wrtn/s    kB_dscd/s    kB_read    kB_wrtn    kB_dscd
nvme0n1          42.00         0.00       196.00         0.00          0        196          0


avg-cpu:  %user   %nice %system %iowait  %steal   %idle
           8.71    0.00    2.61    0.06    0.00   88.62

Device             tps    kB_read/s    kB_wrtn/s    kB_dscd/s    kB_read    kB_wrtn    kB_dscd
nvme0n1           7.00         0.00        36.00         0.00          0         36          0


avg-cpu:  %user   %nice %system %iowait  %steal   %idle
           7.47    0.00    3.05    0.06    0.00   89.41

Device             tps    kB_read/s    kB_wrtn/s    kB_dscd/s    kB_read    kB_wrtn    kB_dscd
nvme0n1           1.00         0.00         4.00         0.00          0          4          0


avg-cpu:  %user   %nice %system %iowait  %steal   %idle
           9.48    0.06    2.56    0.00    0.00   87.91

Device             tps    kB_read/s    kB_wrtn/s    kB_dscd/s    kB_read    kB_wrtn    kB_dscd
nvme0n1           0.00         0.00         0.00         0.00          0          0          0


avg-cpu:  %user   %nice %system %iowait  %steal   %idle
           7.20    0.00    2.73    0.00    0.00   90.07

Device             tps    kB_read/s    kB_wrtn/s    kB_dscd/s    kB_read    kB_wrtn    kB_dscd
nvme0n1           0.00         0.00         0.00         0.00          0          0          0


avg-cpu:  %user   %nice %system %iowait  %steal   %idle
           7.35    0.00    2.43    0.25    0.00   89.97

Device             tps    kB_read/s    kB_wrtn/s    kB_dscd/s    kB_read    kB_wrtn    kB_dscd
nvme0n1           2.00         0.00        24.00         0.00          0         24          0


avg-cpu:  %user   %nice %system %iowait  %steal   %idle
           8.63    0.00    2.75    0.13    0.00   88.49

Device             tps    kB_read/s    kB_wrtn/s    kB_dscd/s    kB_read    kB_wrtn    kB_dscd
nvme0n1          46.00         0.00       200.00         0.00          0        200          0


avg-cpu:  %user   %nice %system %iowait  %steal   %idle
           7.38    0.00    2.73    0.00    0.00   89.89

Device             tps    kB_read/s    kB_wrtn/s    kB_dscd/s    kB_read    kB_wrtn    kB_dscd
nvme0n1           0.00         0.00         0.00         0.00          0          0          0


avg-cpu:  %user   %nice %system %iowait  %steal   %idle
           8.89    0.06    3.11    0.00    0.00   87.94

Device             tps    kB_read/s    kB_wrtn/s    kB_dscd/s    kB_read    kB_wrtn    kB_dscd
nvme0n1           1.00         0.00         4.00         0.00          0          4          0


avg-cpu:  %user   %nice %system %iowait  %steal   %idle
           7.41    0.00    2.49    0.00    0.00   90.11

Device             tps    kB_read/s    kB_wrtn/s    kB_dscd/s    kB_read    kB_wrtn    kB_dscd
nvme0n1           0.00         0.00         0.00         0.00          0          0          0


avg-cpu:  %user   %nice %system %iowait  %steal   %idle
           7.37    0.00    3.00    0.06    0.00   89.58

Device             tps    kB_read/s    kB_wrtn/s    kB_dscd/s    kB_read    kB_wrtn    kB_dscd
nvme0n1           1.00         0.00         4.00         0.00          0          4          0


avg-cpu:  %user   %nice %system %iowait  %steal   %idle
           8.21    0.00    2.26    0.06    0.00   89.47

Device             tps    kB_read/s    kB_wrtn/s    kB_dscd/s    kB_read    kB_wrtn    kB_dscd
nvme0n1          11.00         0.00       168.00         0.00          0        168          0


avg-cpu:  %user   %nice %system %iowait  %steal   %idle
           7.19    0.00    2.85    0.06    0.00   89.90

Device             tps    kB_read/s    kB_wrtn/s    kB_dscd/s    kB_read    kB_wrtn    kB_dscd
nvme0n1          45.00         0.00       200.00         0.00          0        200          0


avg-cpu:  %user   %nice %system %iowait  %steal   %idle
           9.10    0.00    3.05    0.06    0.00   87.78

Device             tps    kB_read/s    kB_wrtn/s    kB_dscd/s    kB_read    kB_wrtn    kB_dscd
nvme0n1           1.00         0.00         0.00         0.00          0          0          0


avg-cpu:  %user   %nice %system %iowait  %steal   %idle
           7.75    0.00    3.10    0.06    0.00   89.08

Device             tps    kB_read/s    kB_wrtn/s    kB_dscd/s    kB_read    kB_wrtn    kB_dscd
nvme0n1           1.00         0.00         4.00         0.00          0          4          0


avg-cpu:  %user   %nice %system %iowait  %steal   %idle
           7.33    0.00    2.55    0.00    0.00   90.12

Device             tps    kB_read/s    kB_wrtn/s    kB_dscd/s    kB_read    kB_wrtn    kB_dscd
nvme0n1           2.00         0.00         8.00         0.00          0          8          0


avg-cpu:  %user   %nice %system %iowait  %steal   %idle
           8.48    0.00    2.18    0.06    0.00   89.27

Device             tps    kB_read/s    kB_wrtn/s    kB_dscd/s    kB_read    kB_wrtn    kB_dscd
nvme0n1          16.00         0.00       132.00         0.00          0        132          0


avg-cpu:  %user   %nice %system %iowait  %steal   %idle
           7.17    0.00    2.55    0.00    0.00   90.28

Device             tps    kB_read/s    kB_wrtn/s    kB_dscd/s    kB_read    kB_wrtn    kB_dscd
nvme0n1           0.00         0.00         0.00         0.00          0          0          0


avg-cpu:  %user   %nice %system %iowait  %steal   %idle
           9.29    0.06    3.05    0.19    0.00   87.41

Device             tps    kB_read/s    kB_wrtn/s    kB_dscd/s    kB_read    kB_wrtn    kB_dscd
nvme0n1          44.00         0.00       188.00         0.00          0        188          0


avg-cpu:  %user   %nice %system %iowait  %steal   %idle
           7.29    0.00    2.30    0.00    0.00   90.41

Device             tps    kB_read/s    kB_wrtn/s    kB_dscd/s    kB_read    kB_wrtn    kB_dscd
nvme0n1           0.00         0.00         0.00         0.00          0          0          0


avg-cpu:  %user   %nice %system %iowait  %steal   %idle
           7.29    0.00    2.31    0.00    0.00   90.40

Device             tps    kB_read/s    kB_wrtn/s    kB_dscd/s    kB_read    kB_wrtn    kB_dscd
nvme0n1           1.00         0.00         4.00         0.00          0          4          0


avg-cpu:  %user   %nice %system %iowait  %steal   %idle
           8.30    0.00    2.75    0.06    0.00   88.89

Device             tps    kB_read/s    kB_wrtn/s    kB_dscd/s    kB_read    kB_wrtn    kB_dscd
nvme0n1           1.98         0.00        59.41         0.00          0         60          0


avg-cpu:  %user   %nice %system %iowait  %steal   %idle
           7.49    0.00    2.62    0.06    0.00   89.83

Device             tps    kB_read/s    kB_wrtn/s    kB_dscd/s    kB_read    kB_wrtn    kB_dscd
nvme0n1           0.00         0.00         0.00         0.00          0          0          0


avg-cpu:  %user   %nice %system %iowait  %steal   %idle
           9.07    0.06    2.56    0.00    0.00   88.31

Device             tps    kB_read/s    kB_wrtn/s    kB_dscd/s    kB_read    kB_wrtn    kB_dscd
nvme0n1           0.00         0.00         0.00         0.00          0          0          0


avg-cpu:  %user   %nice %system %iowait  %steal   %idle
           7.22    0.00    2.30    0.62    0.00   89.86

Device             tps    kB_read/s    kB_wrtn/s    kB_dscd/s    kB_read    kB_wrtn    kB_dscd
nvme0n1          50.00         0.00       220.00         0.00          0        220          0


avg-cpu:  %user   %nice %system %iowait  %steal   %idle
           7.01    0.00    3.04    0.06    0.00   89.89

Device             tps    kB_read/s    kB_wrtn/s    kB_dscd/s    kB_read    kB_wrtn    kB_dscd
nvme0n1           1.00        28.00         0.00         0.00         28          0          0


avg-cpu:  %user   %nice %system %iowait  %steal   %idle
           8.30    0.00    2.93    0.00    0.00   88.77

Device             tps    kB_read/s    kB_wrtn/s    kB_dscd/s    kB_read    kB_wrtn    kB_dscd
nvme0n1          11.00         0.00        48.00         0.00          0         48          0


avg-cpu:  %user   %nice %system %iowait  %steal   %idle
           7.13    0.00    2.31    0.06    0.00   90.49

Device             tps    kB_read/s    kB_wrtn/s    kB_dscd/s    kB_read    kB_wrtn    kB_dscd
nvme0n1           2.00         0.00        20.00         0.00          0         20          0


avg-cpu:  %user   %nice %system %iowait  %steal   %idle
           9.02    0.06    2.69    0.00    0.00   88.22

Device             tps    kB_read/s    kB_wrtn/s    kB_dscd/s    kB_read    kB_wrtn    kB_dscd
nvme0n1           0.00         0.00         0.00         0.00          0          0          0


avg-cpu:  %user   %nice %system %iowait  %steal   %idle
           7.34    0.00    2.45    0.06    0.00   90.16

Device             tps    kB_read/s    kB_wrtn/s    kB_dscd/s    kB_read    kB_wrtn    kB_dscd
nvme0n1          51.00       204.00         0.00         0.00        204          0          0


avg-cpu:  %user   %nice %system %iowait  %steal   %idle
           7.12    0.00    3.16    0.12    0.00   89.60

Device             tps    kB_read/s    kB_wrtn/s    kB_dscd/s    kB_read    kB_wrtn    kB_dscd
nvme0n1         105.00         0.00       532.00         0.00          0        532          0


avg-cpu:  %user   %nice %system %iowait  %steal   %idle
           8.62    0.00    2.69    0.06    0.00   88.62

Device             tps    kB_read/s    kB_wrtn/s    kB_dscd/s    kB_read    kB_wrtn    kB_dscd
nvme0n1           0.00         0.00         0.00         0.00          0          0          0


avg-cpu:  %user   %nice %system %iowait  %steal   %idle
           7.19    0.00    2.79    0.00    0.00   90.02

Device             tps    kB_read/s    kB_wrtn/s    kB_dscd/s    kB_read    kB_wrtn    kB_dscd
nvme0n1           1.00         0.00         4.00         0.00          0          4          0


avg-cpu:  %user   %nice %system %iowait  %steal   %idle
           9.17    0.06    2.56    0.06    0.00   88.15

Device             tps    kB_read/s    kB_wrtn/s    kB_dscd/s    kB_read    kB_wrtn    kB_dscd
nvme0n1           2.00         0.00        32.00         0.00          0         32          0


avg-cpu:  %user   %nice %system %iowait  %steal   %idle
           7.29    0.00    2.37    0.00    0.00   90.34

Device             tps    kB_read/s    kB_wrtn/s    kB_dscd/s    kB_read    kB_wrtn    kB_dscd
nvme0n1           0.00         0.00         0.00         0.00          0          0          0


avg-cpu:  %user   %nice %system %iowait  %steal   %idle
           7.32    0.00    3.41    0.06    0.00   89.21

Device             tps    kB_read/s    kB_wrtn/s    kB_dscd/s    kB_read    kB_wrtn    kB_dscd
nvme0n1           6.00         0.00        24.00         0.00          0         24          0


avg-cpu:  %user   %nice %system %iowait  %steal   %idle
           8.41    0.00    2.43    0.06    0.00   89.10

Device             tps    kB_read/s    kB_wrtn/s    kB_dscd/s    kB_read    kB_wrtn    kB_dscd
nvme0n1          40.00         0.00       172.00         0.00          0        172          0


avg-cpu:  %user   %nice %system %iowait  %steal   %idle
           7.13    0.00    2.67    0.00    0.00   90.20

Device             tps    kB_read/s    kB_wrtn/s    kB_dscd/s    kB_read    kB_wrtn    kB_dscd
nvme0n1           0.00         0.00         0.00         0.00          0          0          0


avg-cpu:  %user   %nice %system %iowait  %steal   %idle
           9.41    0.06    2.56    0.00    0.00   87.97

Device             tps    kB_read/s    kB_wrtn/s    kB_dscd/s    kB_read    kB_wrtn    kB_dscd
nvme0n1           4.00         0.00        16.00         0.00          0         16          0


avg-cpu:  %user   %nice %system %iowait  %steal   %idle
           7.56    0.00    3.10    0.12    0.00   89.21

Device             tps    kB_read/s    kB_wrtn/s    kB_dscd/s    kB_read    kB_wrtn    kB_dscd
nvme0n1           2.00         0.00        28.00         0.00          0         28          0


avg-cpu:  %user   %nice %system %iowait  %steal   %idle
           7.25    0.00    2.98    0.00    0.00   89.77

Device             tps    kB_read/s    kB_wrtn/s    kB_dscd/s    kB_read    kB_wrtn    kB_dscd
nvme0n1           0.00         0.00         0.00         0.00          0          0          0


avg-cpu:  %user   %nice %system %iowait  %steal   %idle
           8.30    0.00    2.50    0.06    0.00   89.15

Device             tps    kB_read/s    kB_wrtn/s    kB_dscd/s    kB_read    kB_wrtn    kB_dscd
nvme0n1           7.00         0.00        36.00         0.00          0         36          0


avg-cpu:  %user   %nice %system %iowait  %steal   %idle
           7.09    0.00    2.61    0.06    0.00   90.23

Device             tps    kB_read/s    kB_wrtn/s    kB_dscd/s    kB_read    kB_wrtn    kB_dscd
nvme0n1          38.00         0.00       164.00         0.00          0        164          0


avg-cpu:  %user   %nice %system %iowait  %steal   %idle
           9.63    0.12    2.98    0.06    0.00   87.20

Device             tps    kB_read/s    kB_wrtn/s    kB_dscd/s    kB_read    kB_wrtn    kB_dscd
nvme0n1           0.00         0.00         0.00         0.00          0          0          0


avg-cpu:  %user   %nice %system %iowait  %steal   %idle
           7.04    0.00    2.31    0.00    0.00   90.65

Device             tps    kB_read/s    kB_wrtn/s    kB_dscd/s    kB_read    kB_wrtn    kB_dscd
nvme0n1           3.00         0.00        12.00         0.00          0         12          0


avg-cpu:  %user   %nice %system %iowait  %steal   %idle
           7.16    0.00    2.49    0.06    0.00   90.29

Device             tps    kB_read/s    kB_wrtn/s    kB_dscd/s    kB_read    kB_wrtn    kB_dscd
nvme0n1           2.00         0.00        24.00         0.00          0         24          0


avg-cpu:  %user   %nice %system %iowait  %steal   %idle
           8.29    0.00    2.62    0.00    0.00   89.09

Device             tps    kB_read/s    kB_wrtn/s    kB_dscd/s    kB_read    kB_wrtn    kB_dscd
nvme0n1           0.00         0.00         0.00         0.00          0          0          0


avg-cpu:  %user   %nice %system %iowait  %steal   %idle
           7.43    0.00    2.62    0.12    0.00   89.83

Device             tps    kB_read/s    kB_wrtn/s    kB_dscd/s    kB_read    kB_wrtn    kB_dscd
nvme0n1           9.00         0.00        44.00         0.00          0         44          0


avg-cpu:  %user   %nice %system %iowait  %steal   %idle
           9.53    0.06    2.68    0.06    0.00   87.67

Device             tps    kB_read/s    kB_wrtn/s    kB_dscd/s    kB_read    kB_wrtn    kB_dscd
nvme0n1          37.00         0.00       156.00         0.00          0        156          0


avg-cpu:  %user   %nice %system %iowait  %steal   %idle
           7.11    0.00    2.43    0.00    0.00   90.46

Device             tps    kB_read/s    kB_wrtn/s    kB_dscd/s    kB_read    kB_wrtn    kB_dscd
nvme0n1           0.00         0.00         0.00         0.00          0          0          0


avg-cpu:  %user   %nice %system %iowait  %steal   %idle
           7.42    0.00    3.03    0.00    0.00   89.55

Device             tps    kB_read/s    kB_wrtn/s    kB_dscd/s    kB_read    kB_wrtn    kB_dscd
nvme0n1           2.00         0.00         8.00         0.00          0          8          0


avg-cpu:  %user   %nice %system %iowait  %steal   %idle
           8.43    0.00    2.93    0.12    0.00   88.51

Device             tps    kB_read/s    kB_wrtn/s    kB_dscd/s    kB_read    kB_wrtn    kB_dscd
nvme0n1           2.00         0.00        20.00         0.00          0         20          0


avg-cpu:  %user   %nice %system %iowait  %steal   %idle
           7.38    0.00    2.54    0.00    0.00   90.08

Device             tps    kB_read/s    kB_wrtn/s    kB_dscd/s    kB_read    kB_wrtn    kB_dscd
nvme0n1           0.00         0.00         0.00         0.00          0          0          0


avg-cpu:  %user   %nice %system %iowait  %steal   %idle
           9.14    0.06    2.92    0.06    0.00   87.81

Device             tps    kB_read/s    kB_wrtn/s    kB_dscd/s    kB_read    kB_wrtn    kB_dscd
nvme0n1           7.00         0.00        36.00         0.00          0         36          0


avg-cpu:  %user   %nice %system %iowait  %steal   %idle
           7.35    0.00    3.03    0.06    0.00   89.56

Device             tps    kB_read/s    kB_wrtn/s    kB_dscd/s    kB_read    kB_wrtn    kB_dscd
nvme0n1          38.00         0.00       160.00         0.00          0        160          0


avg-cpu:  %user   %nice %system %iowait  %steal   %idle
           7.57    0.00    3.04    0.06    0.00   89.32

Device             tps    kB_read/s    kB_wrtn/s    kB_dscd/s    kB_read    kB_wrtn    kB_dscd
nvme0n1           0.00         0.00         0.00         0.00          0          0          0


avg-cpu:  %user   %nice %system %iowait  %steal   %idle
           8.56    0.00    2.79    0.00    0.00   88.65

Device             tps    kB_read/s    kB_wrtn/s    kB_dscd/s    kB_read    kB_wrtn    kB_dscd
nvme0n1           1.00         0.00         4.00         0.00          0          4          0


avg-cpu:  %user   %nice %system %iowait  %steal   %idle
           7.43    0.00    2.66    0.06    0.00   89.85

Device             tps    kB_read/s    kB_wrtn/s    kB_dscd/s    kB_read    kB_wrtn    kB_dscd
nvme0n1           2.00         0.00        24.00         0.00          0         24          0


avg-cpu:  %user   %nice %system %iowait  %steal   %idle
           8.93    0.12    2.93    0.06    0.00   87.95

Device             tps    kB_read/s    kB_wrtn/s    kB_dscd/s    kB_read    kB_wrtn    kB_dscd
nvme0n1           6.00         0.00        24.00         0.00          0         24          0


avg-cpu:  %user   %nice %system %iowait  %steal   %idle
           7.55    0.00    2.56    0.00    0.00   89.89

Device             tps    kB_read/s    kB_wrtn/s    kB_dscd/s    kB_read    kB_wrtn    kB_dscd
nvme0n1           0.00         0.00         0.00         0.00          0          0          0


avg-cpu:  %user   %nice %system %iowait  %steal   %idle
           7.59    0.00    2.68    0.31    0.00   89.42

Device             tps    kB_read/s    kB_wrtn/s    kB_dscd/s    kB_read    kB_wrtn    kB_dscd
nvme0n1          36.00         0.00       152.00         0.00          0        152          0


avg-cpu:  %user   %nice %system %iowait  %steal   %idle
           8.35    0.00    2.43    0.00    0.00   89.22

Device             tps    kB_read/s    kB_wrtn/s    kB_dscd/s    kB_read    kB_wrtn    kB_dscd
nvme0n1           1.00         0.00        36.00         0.00          0         36          0


avg-cpu:  %user   %nice %system %iowait  %steal   %idle
           7.17    0.00    2.25    0.06    0.00   90.52

Device             tps    kB_read/s    kB_wrtn/s    kB_dscd/s    kB_read    kB_wrtn    kB_dscd
nvme0n1           6.00         0.00        44.00         0.00          0         44          0


avg-cpu:  %user   %nice %system %iowait  %steal   %idle
           9.37    0.00    3.04    0.00    0.00   87.59

Device             tps    kB_read/s    kB_wrtn/s    kB_dscd/s    kB_read    kB_wrtn    kB_dscd
nvme0n1           0.00         0.00         0.00         0.00          0          0          0


avg-cpu:  %user   %nice %system %iowait  %steal   %idle
           7.07    0.00    3.60    0.00    0.00   89.34

Device             tps    kB_read/s    kB_wrtn/s    kB_dscd/s    kB_read    kB_wrtn    kB_dscd
nvme0n1           7.00         0.00        36.00         0.00          0         36          0


avg-cpu:  %user   %nice %system %iowait  %steal   %idle
           7.20    0.00    2.73    0.00    0.00   90.06

Device             tps    kB_read/s    kB_wrtn/s    kB_dscd/s    kB_read    kB_wrtn    kB_dscd
nvme0n1           0.00         0.00         0.00         0.00          0          0          0


avg-cpu:  %user   %nice %system %iowait  %steal   %idle
           8.26    0.00    2.86    0.19    0.00   88.70

Device             tps    kB_read/s    kB_wrtn/s    kB_dscd/s    kB_read    kB_wrtn    kB_dscd
nvme0n1          40.00         0.00       168.00         0.00          0        168          0


avg-cpu:  %user   %nice %system %iowait  %steal   %idle
           7.12    0.00    2.43    0.00    0.00   90.45

Device             tps    kB_read/s    kB_wrtn/s    kB_dscd/s    kB_read    kB_wrtn    kB_dscd
nvme0n1           2.00         0.00         8.00         0.00          0          8          0


avg-cpu:  %user   %nice %system %iowait  %steal   %idle
           9.22    0.00    2.76    0.13    0.00   87.89

Device             tps    kB_read/s    kB_wrtn/s    kB_dscd/s    kB_read    kB_wrtn    kB_dscd
nvme0n1           1.00         0.00         4.00         0.00          0          4          0


avg-cpu:  %user   %nice %system %iowait  %steal   %idle
           7.18    0.00    2.31    0.06    0.00   90.45

Device             tps    kB_read/s    kB_wrtn/s    kB_dscd/s    kB_read    kB_wrtn    kB_dscd
nvme0n1           2.00         0.00        20.00         0.00          0         20          0


avg-cpu:  %user   %nice %system %iowait  %steal   %idle
           7.16    0.00    2.43    0.06    0.00   90.35

Device             tps    kB_read/s    kB_wrtn/s    kB_dscd/s    kB_read    kB_wrtn    kB_dscd
nvme0n1           6.00         0.00        24.00         0.00          0         24          0


avg-cpu:  %user   %nice %system %iowait  %steal   %idle
           8.69    0.00    2.79    0.06    0.00   88.45

Device             tps    kB_read/s    kB_wrtn/s    kB_dscd/s    kB_read    kB_wrtn    kB_dscd
nvme0n1           6.00         0.00        84.00         0.00          0         84          0


avg-cpu:  %user   %nice %system %iowait  %steal   %idle
           7.17    0.00    2.93    0.12    0.00   89.77

Device             tps    kB_read/s    kB_wrtn/s    kB_dscd/s    kB_read    kB_wrtn    kB_dscd
nvme0n1          40.00         0.00       172.00         0.00          0        172          0


avg-cpu:  %user   %nice %system %iowait  %steal   %idle
           9.21    0.06    2.68    0.06    0.00   87.99

Device             tps    kB_read/s    kB_wrtn/s    kB_dscd/s    kB_read    kB_wrtn    kB_dscd
nvme0n1           1.00         0.00         0.00         0.00          0          0          0


avg-cpu:  %user   %nice %system %iowait  %steal   %idle
           7.04    0.00    2.49    0.06    0.00   90.40

Device             tps    kB_read/s    kB_wrtn/s    kB_dscd/s    kB_read    kB_wrtn    kB_dscd
nvme0n1          12.00         4.00        44.00         0.00          4         44          0


avg-cpu:  %user   %nice %system %iowait  %steal   %idle
           7.41    0.00    3.15    0.00    0.00   89.44

Device             tps    kB_read/s    kB_wrtn/s    kB_dscd/s    kB_read    kB_wrtn    kB_dscd
nvme0n1           0.00         0.00         0.00         0.00          0          0          0


avg-cpu:  %user   %nice %system %iowait  %steal   %idle
           8.49    0.00    3.60    0.12    0.00   87.79

Device             tps    kB_read/s    kB_wrtn/s    kB_dscd/s    kB_read    kB_wrtn    kB_dscd
nvme0n1          15.00         0.00       252.00         0.00          0        252          0


avg-cpu:  %user   %nice %system %iowait  %steal   %idle
           7.26    0.00    2.85    0.00    0.00   89.89

Device             tps    kB_read/s    kB_wrtn/s    kB_dscd/s    kB_read    kB_wrtn    kB_dscd
nvme0n1           0.00         0.00         0.00         0.00          0          0          0


avg-cpu:  %user   %nice %system %iowait  %steal   %idle
           9.15    0.00    2.32    0.06    0.00   88.47

Device             tps    kB_read/s    kB_wrtn/s    kB_dscd/s    kB_read    kB_wrtn    kB_dscd
nvme0n1          39.00         0.00       164.00         0.00          0        164          0


avg-cpu:  %user   %nice %system %iowait  %steal   %idle
           7.39    0.00    1.75    0.00    0.00   90.86

Device             tps    kB_read/s    kB_wrtn/s    kB_dscd/s    kB_read    kB_wrtn    kB_dscd
nvme0n1           0.00         0.00         0.00         0.00          0          0          0


avg-cpu:  %user   %nice %system %iowait  %steal   %idle
           7.56    0.00    3.41    0.25    0.00   88.79

Device             tps    kB_read/s    kB_wrtn/s    kB_dscd/s    kB_read    kB_wrtn    kB_dscd
nvme0n1           1.00         0.00         4.00         0.00          0          4          0


avg-cpu:  %user   %nice %system %iowait  %steal   %idle
           8.34    0.00    2.68    0.12    0.00   88.86

Device             tps    kB_read/s    kB_wrtn/s    kB_dscd/s    kB_read    kB_wrtn    kB_dscd
nvme0n1          13.00         0.00       148.00         0.00          0        148          0


avg-cpu:  %user   %nice %system %iowait  %steal   %idle
           6.93    0.00    3.16    0.00    0.00   89.91

Device             tps    kB_read/s    kB_wrtn/s    kB_dscd/s    kB_read    kB_wrtn    kB_dscd
nvme0n1           0.00         0.00         0.00         0.00          0          0          0


avg-cpu:  %user   %nice %system %iowait  %steal   %idle
           9.22    0.06    2.80    0.00    0.00   87.91

Device             tps    kB_read/s    kB_wrtn/s    kB_dscd/s    kB_read    kB_wrtn    kB_dscd
nvme0n1           0.00         0.00         0.00         0.00          0          0          0


avg-cpu:  %user   %nice %system %iowait  %steal   %idle
           7.22    0.00    2.80    0.31    0.00   89.66

Device             tps    kB_read/s    kB_wrtn/s    kB_dscd/s    kB_read    kB_wrtn    kB_dscd
nvme0n1          41.00         0.00       172.00         0.00          0        172          0


avg-cpu:  %user   %nice %system %iowait  %steal   %idle
           7.10    0.00    2.55    0.00    0.00   90.34

Device             tps    kB_read/s    kB_wrtn/s    kB_dscd/s    kB_read    kB_wrtn    kB_dscd
nvme0n1           0.00         0.00         0.00         0.00          0          0          0


avg-cpu:  %user   %nice %system %iowait  %steal   %idle
           8.33    0.00    2.86    0.06    0.00   88.74

Device             tps    kB_read/s    kB_wrtn/s    kB_dscd/s    kB_read    kB_wrtn    kB_dscd
nvme0n1          27.00         0.00       180.00         0.00          0        180          0


avg-cpu:  %user   %nice %system %iowait  %steal   %idle
           7.04    0.00    2.37    0.00    0.00   90.59

Device             tps    kB_read/s    kB_wrtn/s    kB_dscd/s    kB_read    kB_wrtn    kB_dscd
nvme0n1           6.00         0.00        24.00         0.00          0         24          0


avg-cpu:  %user   %nice %system %iowait  %steal   %idle
           9.41    0.06    2.62    0.06    0.00   87.84

Device             tps    kB_read/s    kB_wrtn/s    kB_dscd/s    kB_read    kB_wrtn    kB_dscd
nvme0n1          19.00      2388.00         0.00         0.00       2388          0          0


avg-cpu:  %user   %nice %system %iowait  %steal   %idle
           7.55    0.00    2.43    0.06    0.00   89.96

Device             tps    kB_read/s    kB_wrtn/s    kB_dscd/s    kB_read    kB_wrtn    kB_dscd
nvme0n1           0.00         0.00         0.00         0.00          0          0          0


avg-cpu:  %user   %nice %system %iowait  %steal   %idle
           7.20    0.00    2.48    0.06    0.00   90.25

Device             tps    kB_read/s    kB_wrtn/s    kB_dscd/s    kB_read    kB_wrtn    kB_dscd
nvme0n1          82.00         0.00       420.00         0.00          0        420          0


avg-cpu:  %user   %nice %system %iowait  %steal   %idle
           8.19    0.00    3.10    0.06    0.00   88.64

Device             tps    kB_read/s    kB_wrtn/s    kB_dscd/s    kB_read    kB_wrtn    kB_dscd
nvme0n1           4.00         0.00       160.00         0.00          0        160          0


avg-cpu:  %user   %nice %system %iowait  %steal   %idle
           7.32    0.00    2.85    0.00    0.00   89.83

Device             tps    kB_read/s    kB_wrtn/s    kB_dscd/s    kB_read    kB_wrtn    kB_dscd
nvme0n1           1.00         0.00         4.00         0.00          0          4          0


avg-cpu:  %user   %nice %system %iowait  %steal   %idle
           9.41    0.06    3.59    0.00    0.00   86.94

Device             tps    kB_read/s    kB_wrtn/s    kB_dscd/s    kB_read    kB_wrtn    kB_dscd
nvme0n1           7.00         0.00        44.00         0.00          0         44          0


avg-cpu:  %user   %nice %system %iowait  %steal   %idle
           7.28    0.00    2.36    0.00    0.00   90.36

Device             tps    kB_read/s    kB_wrtn/s    kB_dscd/s    kB_read    kB_wrtn    kB_dscd
nvme0n1           0.00         0.00         0.00         0.00          0          0          0


avg-cpu:  %user   %nice %system %iowait  %steal   %idle
           7.15    0.00    2.55    0.00    0.00   90.30

Device             tps    kB_read/s    kB_wrtn/s    kB_dscd/s    kB_read    kB_wrtn    kB_dscd
nvme0n1           0.00         0.00         0.00         0.00          0          0          0


avg-cpu:  %user   %nice %system %iowait  %steal   %idle
           8.41    0.00    2.26    0.44    0.00   88.89

Device             tps    kB_read/s    kB_wrtn/s    kB_dscd/s    kB_read    kB_wrtn    kB_dscd
nvme0n1          44.00         0.00       200.00         0.00          0        200          0


avg-cpu:  %user   %nice %system %iowait  %steal   %idle
           7.34    0.00    2.74    0.12    0.00   89.79

Device             tps    kB_read/s    kB_wrtn/s    kB_dscd/s    kB_read    kB_wrtn    kB_dscd
nvme0n1           0.00         0.00         0.00         0.00          0          0          0


avg-cpu:  %user   %nice %system %iowait  %steal   %idle
           9.09    0.00    3.05    0.00    0.00   87.87

Device             tps    kB_read/s    kB_wrtn/s    kB_dscd/s    kB_read    kB_wrtn    kB_dscd
nvme0n1           1.00         0.00         4.00         0.00          0          4          0


avg-cpu:  %user   %nice %system %iowait  %steal   %idle
           7.43    0.00    2.06    0.00    0.00   90.51

Device             tps    kB_read/s    kB_wrtn/s    kB_dscd/s    kB_read    kB_wrtn    kB_dscd
nvme0n1           6.00         0.00        24.00         0.00          0         24          0


avg-cpu:  %user   %nice %system %iowait  %steal   %idle
           7.41    0.00    2.30    0.00    0.00   90.29

Device             tps    kB_read/s    kB_wrtn/s    kB_dscd/s    kB_read    kB_wrtn    kB_dscd
nvme0n1           0.00         0.00         0.00         0.00          0          0          0


avg-cpu:  %user   %nice %system %iowait  %steal   %idle
           8.79    0.00    2.74    0.31    0.00   88.15

Device             tps    kB_read/s    kB_wrtn/s    kB_dscd/s    kB_read    kB_wrtn    kB_dscd
nvme0n1           9.00         0.00        60.00         0.00          0         60          0


avg-cpu:  %user   %nice %system %iowait  %steal   %idle
           6.98    0.00    2.49    0.19    0.00   90.34

Device             tps    kB_read/s    kB_wrtn/s    kB_dscd/s    kB_read    kB_wrtn    kB_dscd
nvme0n1          51.00         0.00       248.00         0.00          0        248          0


avg-cpu:  %user   %nice %system %iowait  %steal   %idle
           9.17    0.06    2.01    0.00    0.00   88.76

Device             tps    kB_read/s    kB_wrtn/s    kB_dscd/s    kB_read    kB_wrtn    kB_dscd
nvme0n1           3.00         0.00        16.00         0.00          0         16          0


avg-cpu:  %user   %nice %system %iowait  %steal   %idle
           7.05    0.00    2.43    0.00    0.00   90.51

Device             tps    kB_read/s    kB_wrtn/s    kB_dscd/s    kB_read    kB_wrtn    kB_dscd
nvme0n1           1.00         0.00         4.00         0.00          0          4          0


avg-cpu:  %user   %nice %system %iowait  %steal   %idle
           7.18    0.00    2.75    0.12    0.00   89.95

Device             tps    kB_read/s    kB_wrtn/s    kB_dscd/s    kB_read    kB_wrtn    kB_dscd
nvme0n1           7.00         0.00        36.00         0.00          0         36          0


avg-cpu:  %user   %nice %system %iowait  %steal   %idle
           8.32    0.00    2.86    0.00    0.00   88.82

Device             tps    kB_read/s    kB_wrtn/s    kB_dscd/s    kB_read    kB_wrtn    kB_dscd
nvme0n1           0.00         0.00         0.00         0.00          0          0          0


avg-cpu:  %user   %nice %system %iowait  %steal   %idle
           7.26    0.00    2.55    0.06    0.00   90.13

Device             tps    kB_read/s    kB_wrtn/s    kB_dscd/s    kB_read    kB_wrtn    kB_dscd
nvme0n1          53.00         0.00       220.00         0.00          0        220          0


avg-cpu:  %user   %nice %system %iowait  %steal   %idle
           9.41    0.06    2.68    0.12    0.00   87.73

Device             tps    kB_read/s    kB_wrtn/s    kB_dscd/s    kB_read    kB_wrtn    kB_dscd
nvme0n1          24.00      2688.00        20.00         0.00       2688         20          0


avg-cpu:  %user   %nice %system %iowait  %steal   %idle
           7.48    0.00    2.81    0.06    0.00   89.65

Device             tps    kB_read/s    kB_wrtn/s    kB_dscd/s    kB_read    kB_wrtn    kB_dscd
nvme0n1           0.00         0.00         0.00         0.00          0          0          0


avg-cpu:  %user   %nice %system %iowait  %steal   %idle
           7.29    0.00    2.24    0.06    0.00   90.41

Device             tps    kB_read/s    kB_wrtn/s    kB_dscd/s    kB_read    kB_wrtn    kB_dscd
nvme0n1           7.00         0.00        28.00         0.00          0         28          0


avg-cpu:  %user   %nice %system %iowait  %steal   %idle
           8.36    0.00    2.31    0.00    0.00   89.33

Device             tps    kB_read/s    kB_wrtn/s    kB_dscd/s    kB_read    kB_wrtn    kB_dscd
nvme0n1           0.00         0.00         0.00         0.00          0          0          0


avg-cpu:  %user   %nice %system %iowait  %steal   %idle
           7.32    0.00    2.67    0.00    0.00   90.01

Device             tps    kB_read/s    kB_wrtn/s    kB_dscd/s    kB_read    kB_wrtn    kB_dscd
nvme0n1           0.00         0.00         0.00         0.00          0          0          0


avg-cpu:  %user   %nice %system %iowait  %steal   %idle
           9.32    0.06    3.04    0.25    0.00   87.33

Device             tps    kB_read/s    kB_wrtn/s    kB_dscd/s    kB_read    kB_wrtn    kB_dscd
nvme0n1           0.00         0.00         0.00         0.00          0          0          0


avg-cpu:  %user   %nice %system %iowait  %steal   %idle
           7.16    0.00    2.93    0.44    0.00   89.48

Device             tps    kB_read/s    kB_wrtn/s    kB_dscd/s    kB_read    kB_wrtn    kB_dscd
nvme0n1          40.00         0.00       184.00         0.00          0        184          0


avg-cpu:  %user   %nice %system %iowait  %steal   %idle
           7.09    0.00    2.61    0.00    0.00   90.29

Device             tps    kB_read/s    kB_wrtn/s    kB_dscd/s    kB_read    kB_wrtn    kB_dscd
nvme0n1           0.00         0.00         0.00         0.00          0          0          0


avg-cpu:  %user   %nice %system %iowait  %steal   %idle
           8.36    0.00    2.56    0.12    0.00   88.96

Device             tps    kB_read/s    kB_wrtn/s    kB_dscd/s    kB_read    kB_wrtn    kB_dscd
nvme0n1          10.00         0.00       132.00         0.00          0        132          0


avg-cpu:  %user   %nice %system %iowait  %steal   %idle
           7.13    0.00    3.16    0.06    0.00   89.65

Device             tps    kB_read/s    kB_wrtn/s    kB_dscd/s    kB_read    kB_wrtn    kB_dscd
nvme0n1           1.00       128.00         0.00         0.00        128          0          0


avg-cpu:  %user   %nice %system %iowait  %steal   %idle
           9.29    0.00    3.05    0.12    0.00   87.53

Device             tps    kB_read/s    kB_wrtn/s    kB_dscd/s    kB_read    kB_wrtn    kB_dscd
nvme0n1           4.00       440.00         0.00         0.00        440          0          0


avg-cpu:  %user   %nice %system %iowait  %steal   %idle
           7.11    0.00    2.56    0.00    0.00   90.33

Device             tps    kB_read/s    kB_wrtn/s    kB_dscd/s    kB_read    kB_wrtn    kB_dscd
nvme0n1           4.00         0.00        16.00         0.00          0         16          0


avg-cpu:  %user   %nice %system %iowait  %steal   %idle
           7.00    0.00    2.13    0.13    0.00   90.74

Device             tps    kB_read/s    kB_wrtn/s    kB_dscd/s    kB_read    kB_wrtn    kB_dscd
nvme0n1          46.00         0.00       324.00         0.00          0        324          0


avg-cpu:  %user   %nice %system %iowait  %steal   %idle
           8.36    0.00    2.81    0.00    0.00   88.83

Device             tps    kB_read/s    kB_wrtn/s    kB_dscd/s    kB_read    kB_wrtn    kB_dscd
nvme0n1           9.00         0.00        44.00         0.00          0         44          0


avg-cpu:  %user   %nice %system %iowait  %steal   %idle
           7.12    0.00    2.75    0.12    0.00   90.01

Device             tps    kB_read/s    kB_wrtn/s    kB_dscd/s    kB_read    kB_wrtn    kB_dscd
nvme0n1           4.00         0.00       132.00         0.00          0        132          0


avg-cpu:  %user   %nice %system %iowait  %steal   %idle
           8.75    0.06    3.29    0.00    0.00   87.90

Device             tps    kB_read/s    kB_wrtn/s    kB_dscd/s    kB_read    kB_wrtn    kB_dscd
nvme0n1           0.00         0.00         0.00         0.00          0          0          0


avg-cpu:  %user   %nice %system %iowait  %steal   %idle
           7.04    0.00    2.49    0.00    0.00   90.47

Device             tps    kB_read/s    kB_wrtn/s    kB_dscd/s    kB_read    kB_wrtn    kB_dscd
nvme0n1           0.00         0.00         0.00         0.00          0          0          0


avg-cpu:  %user   %nice %system %iowait  %steal   %idle
           7.29    0.00    2.49    0.06    0.00   90.15

Device             tps    kB_read/s    kB_wrtn/s    kB_dscd/s    kB_read    kB_wrtn    kB_dscd
nvme0n1          21.00         0.00       128.00         0.00          0        128          0


avg-cpu:  %user   %nice %system %iowait  %steal   %idle
           8.38    0.00    2.81    0.06    0.00   88.75

Device             tps    kB_read/s    kB_wrtn/s    kB_dscd/s    kB_read    kB_wrtn    kB_dscd
nvme0n1          39.00         0.00       168.00         0.00          0        168          0


avg-cpu:  %user   %nice %system %iowait  %steal   %idle
           6.82    0.00    3.29    0.00    0.00   89.89

Device             tps    kB_read/s    kB_wrtn/s    kB_dscd/s    kB_read    kB_wrtn    kB_dscd
nvme0n1          14.00         0.00        64.00         0.00          0         64          0


avg-cpu:  %user   %nice %system %iowait  %steal   %idle
           9.16    0.06    2.56    0.00    0.00   88.22

Device             tps    kB_read/s    kB_wrtn/s    kB_dscd/s    kB_read    kB_wrtn    kB_dscd
nvme0n1           1.00         0.00         4.00         0.00          0          4          0


avg-cpu:  %user   %nice %system %iowait  %steal   %idle
           7.40    0.00    2.74    0.00    0.00   89.86

Device             tps    kB_read/s    kB_wrtn/s    kB_dscd/s    kB_read    kB_wrtn    kB_dscd
nvme0n1           0.00         0.00         0.00         0.00          0          0          0


avg-cpu:  %user   %nice %system %iowait  %steal   %idle
           7.71    0.00    2.61    0.06    0.00   89.61

Device             tps    kB_read/s    kB_wrtn/s    kB_dscd/s    kB_read    kB_wrtn    kB_dscd
nvme0n1          10.00         0.00        44.00         0.00          0         44          0


avg-cpu:  %user   %nice %system %iowait  %steal   %idle
           8.48    0.00    3.16    0.00    0.00   88.37

Device             tps    kB_read/s    kB_wrtn/s    kB_dscd/s    kB_read    kB_wrtn    kB_dscd
nvme0n1           0.00         0.00         0.00         0.00          0          0          0


avg-cpu:  %user   %nice %system %iowait  %steal   %idle
           7.16    0.00    3.15    0.12    0.00   89.56

Device             tps    kB_read/s    kB_wrtn/s    kB_dscd/s    kB_read    kB_wrtn    kB_dscd
nvme0n1          88.00         0.00       488.00         0.00          0        488          0


avg-cpu:  %user   %nice %system %iowait  %steal   %idle
           9.71    0.06    2.25    0.06    0.00   87.91

Device             tps    kB_read/s    kB_wrtn/s    kB_dscd/s    kB_read    kB_wrtn    kB_dscd
nvme0n1           1.00         0.00         0.00         0.00          0          0          0


avg-cpu:  %user   %nice %system %iowait  %steal   %idle
           7.37    0.00    2.68    0.06    0.00   89.89

Device             tps    kB_read/s    kB_wrtn/s    kB_dscd/s    kB_read    kB_wrtn    kB_dscd
nvme0n1           1.00         0.00         4.00         0.00          0          4          0


avg-cpu:  %user   %nice %system %iowait  %steal   %idle
           7.24    0.00    2.12    0.00    0.00   90.64

Device             tps    kB_read/s    kB_wrtn/s    kB_dscd/s    kB_read    kB_wrtn    kB_dscd
nvme0n1           0.00         0.00         0.00         0.00          0          0          0


avg-cpu:  %user   %nice %system %iowait  %steal   %idle
           8.29    0.00    2.55    0.12    0.00   89.03

Device             tps    kB_read/s    kB_wrtn/s    kB_dscd/s    kB_read    kB_wrtn    kB_dscd
nvme0n1           6.00         0.00        92.00         0.00          0         92          0


avg-cpu:  %user   %nice %system %iowait  %steal   %idle
           7.25    0.00    2.13    0.00    0.00   90.62

Device             tps    kB_read/s    kB_wrtn/s    kB_dscd/s    kB_read    kB_wrtn    kB_dscd
nvme0n1           3.00         0.00        12.00         0.00          0         12          0


avg-cpu:  %user   %nice %system %iowait  %steal   %idle
           9.20    0.06    2.69    0.13    0.00   87.91

Device             tps    kB_read/s    kB_wrtn/s    kB_dscd/s    kB_read    kB_wrtn    kB_dscd
nvme0n1          47.00         0.00       204.00         0.00          0        204          0


avg-cpu:  %user   %nice %system %iowait  %steal   %idle
           7.05    0.00    2.50    0.00    0.00   90.46

Device             tps    kB_read/s    kB_wrtn/s    kB_dscd/s    kB_read    kB_wrtn    kB_dscd
nvme0n1           0.00         0.00         0.00         0.00          0          0          0


avg-cpu:  %user   %nice %system %iowait  %steal   %idle
           7.07    0.00    2.13    0.00    0.00   90.81

Device             tps    kB_read/s    kB_wrtn/s    kB_dscd/s    kB_read    kB_wrtn    kB_dscd
nvme0n1           1.00         0.00         4.00         0.00          0          4          0


avg-cpu:  %user   %nice %system %iowait  %steal   %idle
           8.23    0.00    2.87    0.06    0.00   88.84

Device             tps    kB_read/s    kB_wrtn/s    kB_dscd/s    kB_read    kB_wrtn    kB_dscd
nvme0n1           2.00         0.00        60.00         0.00          0         60          0


avg-cpu:  %user   %nice %system %iowait  %steal   %idle
           7.32    0.00    2.79    0.12    0.00   89.76

Device             tps    kB_read/s    kB_wrtn/s    kB_dscd/s    kB_read    kB_wrtn    kB_dscd
nvme0n1           0.00         0.00         0.00         0.00          0          0          0


avg-cpu:  %user   %nice %system %iowait  %steal   %idle
           9.01    0.06    2.69    0.00    0.00   88.24

Device             tps    kB_read/s    kB_wrtn/s    kB_dscd/s    kB_read    kB_wrtn    kB_dscd
nvme0n1           0.00         0.00         0.00         0.00          0          0          0


avg-cpu:  %user   %nice %system %iowait  %steal   %idle
           7.17    0.00    2.49    0.44    0.00   89.91

Device             tps    kB_read/s    kB_wrtn/s    kB_dscd/s    kB_read    kB_wrtn    kB_dscd
nvme0n1          47.00         0.00       208.00         0.00          0        208          0


avg-cpu:  %user   %nice %system %iowait  %steal   %idle
           7.41    0.00    2.12    0.00    0.00   90.47

Device             tps    kB_read/s    kB_wrtn/s    kB_dscd/s    kB_read    kB_wrtn    kB_dscd
nvme0n1           0.00         0.00         0.00         0.00          0          0          0


avg-cpu:  %user   %nice %system %iowait  %steal   %idle
           8.62    0.00    2.69    0.00    0.00   88.69

Device             tps    kB_read/s    kB_wrtn/s    kB_dscd/s    kB_read    kB_wrtn    kB_dscd
nvme0n1          11.00         0.00        48.00         0.00          0         48          0


avg-cpu:  %user   %nice %system %iowait  %steal   %idle
           7.13    0.00    3.94    0.18    0.00   88.75

Device             tps    kB_read/s    kB_wrtn/s    kB_dscd/s    kB_read    kB_wrtn    kB_dscd
nvme0n1           2.00         0.00        20.00         0.00          0         20          0


avg-cpu:  %user   %nice %system %iowait  %steal   %idle
           9.12    0.06    2.50    0.00    0.00   88.32

Device             tps    kB_read/s    kB_wrtn/s    kB_dscd/s    kB_read    kB_wrtn    kB_dscd
nvme0n1           0.00         0.00         0.00         0.00          0          0          0


avg-cpu:  %user   %nice %system %iowait  %steal   %idle
           7.29    0.00    3.03    0.06    0.00   89.62

Device             tps    kB_read/s    kB_wrtn/s    kB_dscd/s    kB_read    kB_wrtn    kB_dscd
nvme0n1           6.00         0.00        24.00         0.00          0         24          0


avg-cpu:  %user   %nice %system %iowait  %steal   %idle
           7.45    0.00    2.73    0.12    0.00   89.70

Device             tps    kB_read/s    kB_wrtn/s    kB_dscd/s    kB_read    kB_wrtn    kB_dscd
nvme0n1          45.00         0.00       208.00         0.00          0        208          0


avg-cpu:  %user   %nice %system %iowait  %steal   %idle
           8.41    0.00    3.12    0.06    0.00   88.41

Device             tps    kB_read/s    kB_wrtn/s    kB_dscd/s    kB_read    kB_wrtn    kB_dscd
nvme0n1           0.00         0.00         0.00         0.00          0          0          0


avg-cpu:  %user   %nice %system %iowait  %steal   %idle
           7.20    0.00    2.07    0.00    0.00   90.74

Device             tps    kB_read/s    kB_wrtn/s    kB_dscd/s    kB_read    kB_wrtn    kB_dscd
nvme0n1           1.00         0.00         4.00         0.00          0          4          0


avg-cpu:  %user   %nice %system %iowait  %steal   %idle
           8.92    0.06    2.74    0.00    0.00   88.28

Device             tps    kB_read/s    kB_wrtn/s    kB_dscd/s    kB_read    kB_wrtn    kB_dscd
nvme0n1           0.00         0.00         0.00         0.00          0          0          0


avg-cpu:  %user   %nice %system %iowait  %steal   %idle
           7.25    0.00    2.44    0.00    0.00   90.31

Device             tps    kB_read/s    kB_wrtn/s    kB_dscd/s    kB_read    kB_wrtn    kB_dscd
nvme0n1           0.00         0.00         0.00         0.00          0          0          0


avg-cpu:  %user   %nice %system %iowait  %steal   %idle
           7.39    0.00    2.92    0.31    0.00   89.38

Device             tps    kB_read/s    kB_wrtn/s    kB_dscd/s    kB_read    kB_wrtn    kB_dscd
nvme0n1           6.00         0.00        24.00         0.00          0         24          0


avg-cpu:  %user   %nice %system %iowait  %steal   %idle
           8.11    0.00    2.50    0.12    0.00   89.26

Device             tps    kB_read/s    kB_wrtn/s    kB_dscd/s    kB_read    kB_wrtn    kB_dscd
nvme0n1          42.00         0.00       192.00         0.00          0        192          0


avg-cpu:  %user   %nice %system %iowait  %steal   %idle
           6.93    0.00    2.44    0.06    0.00   90.57

Device             tps    kB_read/s    kB_wrtn/s    kB_dscd/s    kB_read    kB_wrtn    kB_dscd
nvme0n1          50.00       580.00         0.00         0.00        580          0          0

