Linux 6.11.3-arch1-1 (Legion-Arch-Linux) 	10/19/2024 	_x86_64_	(16 CPU)

06:37:40 PM   UID       PID    %usr %system  %guest   %wait    %CPU   CPU  Command
06:37:41 PM  1000     33413   97.00    2.00    0.00    0.00   99.00     7  blur
06:37:42 PM  1000     33413  100.00    0.00    0.00    0.00  100.00     7  blur
06:37:43 PM  1000     33413  100.00    0.00    0.00    0.00  100.00     6  blur
06:37:44 PM  1000     33413   99.00    0.00    0.00    0.00   99.00     7  blur
06:37:45 PM  1000     33413  100.00    0.00    0.00    0.00  100.00     6  blur
06:37:46 PM  1000     33413  100.00    0.00    0.00    0.00  100.00     6  blur
06:37:47 PM  1000     33413  100.00    0.00    0.00    0.00  100.00     6  blur
06:37:48 PM  1000     33413   99.00    0.00    0.00    1.00   99.00     6  blur
06:37:49 PM  1000     33413  100.00    0.00    0.00    0.00  100.00     6  blur
06:37:50 PM  1000     33413  100.00    0.00    0.00    0.00  100.00     6  blur
06:37:51 PM  1000     33413  100.00    0.00    0.00    0.00  100.00     6  blur
06:37:52 PM  1000     33413  100.00    0.00    0.00    0.00  100.00     7  blur
06:37:53 PM  1000     33413  100.00    0.00    0.00    0.00  100.00     3  blur
06:37:54 PM  1000     33413  100.00    0.00    0.00    1.00  100.00     2  blur
06:37:55 PM  1000     33413  100.00    0.00    0.00    0.00  100.00     2  blur
06:37:56 PM  1000     33413   99.00    0.00    0.00    0.00   99.00     3  blur
06:37:57 PM  1000     33413  100.00    1.00    0.00    0.00  101.00     2  blur
06:37:58 PM  1000     33413   99.00    0.00    0.00    1.00   99.00     2  blur
06:37:59 PM  1000     33413  100.00    0.00    0.00    0.00  100.00     2  blur
06:38:00 PM  1000     33413   99.00    0.00    0.00    1.00   99.00     2  blur
06:38:01 PM  1000     33413   99.00    1.00    0.00    0.00  100.00     2  blur
06:38:02 PM  1000     33413  100.00    0.00    0.00    0.00  100.00     3  blur
06:38:03 PM  1000     33413   99.00    0.00    0.00    1.00   99.00     7  blur
06:38:04 PM  1000     33413  100.00    0.00    0.00    0.00  100.00     7  blur
06:38:05 PM  1000     33413  100.00    0.00    0.00    0.00  100.00     7  blur
06:38:06 PM  1000     33413   99.00    0.00    0.00    1.00   99.00     7  blur
06:38:07 PM  1000     33413   99.00    0.00    0.00    1.00   99.00     6  blur
06:38:08 PM  1000     33413  100.00    0.00    0.00    0.00  100.00     7  blur
06:38:09 PM  1000     33413   99.00    0.00    0.00    0.00   99.00     7  blur
06:38:10 PM  1000     33413   99.00    1.00    0.00    1.00  100.00     7  blur
06:38:11 PM  1000     33413  100.00    0.00    0.00    0.00  100.00     7  blur
06:38:12 PM  1000     33413  100.00    0.00    0.00    0.00  100.00     7  blur
06:38:13 PM  1000     33413  100.00    0.00    0.00    0.00  100.00     6  blur
06:38:14 PM  1000     33413  100.00    0.00    0.00    0.00  100.00     7  blur
06:38:15 PM  1000     33413   99.00    0.00    0.00    0.00   99.00     6  blur
06:38:16 PM  1000     33413  100.00    0.00    0.00    0.00  100.00     6  blur
06:38:17 PM  1000     33413  100.00    0.00    0.00    1.00  100.00     7  blur
06:38:18 PM  1000     33413   99.00    0.00    0.00    0.00   99.00     7  blur
06:38:19 PM  1000     33413  100.00    0.00    0.00    0.00  100.00     7  blur
06:38:20 PM  1000     33413  100.00    0.00    0.00    1.00  100.00     6  blur
06:38:21 PM  1000     33413  100.00    0.00    0.00    0.00  100.00     7  blur
06:38:22 PM  1000     33413  100.00    0.00    0.00    0.00  100.00     7  blur
06:38:23 PM  1000     33413  100.00    0.00    0.00    0.00  100.00     7  blur
06:38:24 PM  1000     33413  100.00    0.00    0.00    0.00  100.00     7  blur
06:38:25 PM  1000     33413  100.00    0.00    0.00    0.00  100.00     6  blur
06:38:26 PM  1000     33413  100.00    0.00    0.00    0.00  100.00     2  blur
06:38:27 PM  1000     33413  100.00    0.00    0.00    0.00  100.00     3  blur
06:38:28 PM  1000     33413   99.00    1.00    0.00    0.00  100.00     6  blur
06:38:29 PM  1000     33413  100.00    0.00    0.00    0.00  100.00     6  blur
06:38:30 PM  1000     33413  100.00    0.00    0.00    0.00  100.00     7  blur
06:38:31 PM  1000     33413   99.00    0.00    0.00    1.00   99.00     7  blur
06:38:32 PM  1000     33413  100.00    0.00    0.00    0.00  100.00     7  blur
06:38:33 PM  1000     33413  100.00    0.00    0.00    0.00  100.00     3  blur
06:38:34 PM  1000     33413  100.00    0.00    0.00    0.00  100.00     3  blur
06:38:35 PM  1000     33413  100.00    0.00    0.00    0.00  100.00     6  blur
06:38:36 PM  1000     33413  100.00    0.00    0.00    0.00  100.00     7  blur
06:38:37 PM  1000     33413  100.00    0.00    0.00    0.00  100.00     7  blur
06:38:38 PM  1000     33413  100.00    0.00    0.00    0.00  100.00     7  blur
06:38:39 PM  1000     33413  100.00    0.00    0.00    0.00  100.00     7  blur
06:38:40 PM  1000     33413   99.00    0.00    0.00    1.00   99.00     6  blur
06:38:41 PM  1000     33413  100.00    0.00    0.00    0.00  100.00     6  blur
06:38:42 PM  1000     33413  100.00    0.00    0.00    0.00  100.00     7  blur
06:38:43 PM  1000     33413  100.00    0.00    0.00    0.00  100.00     2  blur
06:38:44 PM  1000     33413   99.00    0.00    0.00    0.00   99.00     6  blur
06:38:45 PM  1000     33413  100.00    0.00    0.00    0.00  100.00     6  blur
06:38:46 PM  1000     33413  100.00    0.00    0.00    0.00  100.00     6  blur
06:38:47 PM  1000     33413  100.00    0.00    0.00    0.00  100.00     6  blur
06:38:48 PM  1000     33413  100.00    0.00    0.00    0.00  100.00     7  blur
06:38:49 PM  1000     33413  100.00    0.00    0.00    0.00  100.00     7  blur
06:38:50 PM  1000     33413  100.00    0.00    0.00    0.00  100.00     7  blur
06:38:51 PM  1000     33413  100.00    0.00    0.00    0.00  100.00     7  blur
06:38:52 PM  1000     33413  100.00    0.00    0.00    0.00  100.00     6  blur
06:38:53 PM  1000     33413  100.00    0.00    0.00    1.00  100.00     7  blur
06:38:54 PM  1000     33413  100.00    0.00    0.00    0.00  100.00     7  blur
06:38:55 PM  1000     33413  100.00    0.00    0.00    0.00  100.00     7  blur
06:38:56 PM  1000     33413  100.00    0.00    0.00    0.00  100.00     6  blur
06:38:57 PM  1000     33413  100.00    0.00    0.00    0.00  100.00     6  blur
06:38:58 PM  1000     33413  100.00    0.00    0.00    0.00  100.00     6  blur
06:38:59 PM  1000     33413  100.00    0.00    0.00    0.00  100.00     6  blur
06:39:00 PM  1000     33413  100.00    0.00    0.00    0.00  100.00     6  blur
06:39:01 PM  1000     33413  100.00    0.00    0.00    0.00  100.00     6  blur
06:39:02 PM  1000     33413  100.00    0.00    0.00    0.00  100.00     7  blur
06:39:03 PM  1000     33413  100.00    0.00    0.00    0.00  100.00     7  blur
06:39:04 PM  1000     33413  100.00    0.00    0.00    0.00  100.00     7  blur
06:39:05 PM  1000     33413  100.00    0.00    0.00    0.00  100.00     6  blur
06:39:06 PM  1000     33413  100.00    0.00    0.00    0.00  100.00     6  blur
06:39:07 PM  1000     33413  100.00    0.00    0.00    0.00  100.00     6  blur
06:39:08 PM  1000     33413  100.00    0.00    0.00    0.00  100.00     6  blur
06:39:09 PM  1000     33413  100.00    0.00    0.00    0.00  100.00     6  blur
06:39:10 PM  1000     33413  100.00    0.00    0.00    0.00  100.00     7  blur
06:39:11 PM  1000     33413  100.00    0.00    0.00    0.00  100.00     7  blur
06:39:12 PM  1000     33413  100.00    0.00    0.00    0.00  100.00     7  blur
06:39:13 PM  1000     33413  100.00    0.00    0.00    0.00  100.00     7  blur
06:39:14 PM  1000     33413  100.00    0.00    0.00    0.00  100.00     7  blur
06:39:15 PM  1000     33413  100.00    0.00    0.00    0.00  100.00     7  blur
06:39:16 PM  1000     33413  100.00    0.00    0.00    0.00  100.00     7  blur
06:39:17 PM  1000     33413  100.00    0.00    0.00    0.00  100.00     7  blur
06:39:18 PM  1000     33413  100.00    0.00    0.00    0.00  100.00     7  blur
06:39:19 PM  1000     33413  100.00    0.00    0.00    0.00  100.00     6  blur
06:39:20 PM  1000     33413  100.00    0.00    0.00    0.00  100.00     6  blur
06:39:21 PM  1000     33413  100.00    0.00    0.00    0.00  100.00     7  blur
06:39:22 PM  1000     33413  100.00    0.00    0.00    0.00  100.00     7  blur
06:39:23 PM  1000     33413  100.00    0.00    0.00    0.00  100.00     7  blur
06:39:24 PM  1000     33413  100.00    0.00    0.00    0.00  100.00     7  blur
06:39:25 PM  1000     33413  100.00    0.00    0.00    0.00  100.00     7  blur
06:39:26 PM  1000     33413  100.00    0.00    0.00    0.00  100.00     7  blur
06:39:27 PM  1000     33413  100.00    0.00    0.00    0.00  100.00     7  blur
06:39:28 PM  1000     33413  100.00    0.00    0.00    0.00  100.00     7  blur
06:39:29 PM  1000     33413  100.00    0.00    0.00    0.00  100.00     7  blur
06:39:30 PM  1000     33413  100.00    0.00    0.00    0.00  100.00     7  blur
06:39:31 PM  1000     33413  100.00    0.00    0.00    0.00  100.00     7  blur
06:39:32 PM  1000     33413  100.00    0.00    0.00    0.00  100.00     6  blur
06:39:33 PM  1000     33413  100.00    0.00    0.00    0.00  100.00     2  blur
06:39:34 PM  1000     33413  100.00    0.00    0.00    0.00  100.00     7  blur
06:39:35 PM  1000     33413  100.00    0.00    0.00    0.00  100.00     7  blur
06:39:36 PM  1000     33413  100.00    0.00    0.00    0.00  100.00     7  blur
06:39:37 PM  1000     33413  100.00    0.00    0.00    0.00  100.00     7  blur
06:39:38 PM  1000     33413  100.00    0.00    0.00    0.00  100.00     6  blur
06:39:39 PM  1000     33413  100.00    0.00    0.00    0.00  100.00     6  blur
06:39:40 PM  1000     33413  100.00    0.00    0.00    0.00  100.00     6  blur
06:39:41 PM  1000     33413  100.00    0.00    0.00    0.00  100.00     6  blur
06:39:42 PM  1000     33413  100.00    0.00    0.00    0.00  100.00     7  blur
06:39:43 PM  1000     33413  100.00    0.00    0.00    0.00  100.00     7  blur
06:39:44 PM  1000     33413  100.00    0.00    0.00    0.00  100.00     7  blur
06:39:45 PM  1000     33413  100.00    0.00    0.00    0.00  100.00     7  blur
06:39:46 PM  1000     33413  100.00    0.00    0.00    0.00  100.00     7  blur
06:39:47 PM  1000     33413  100.00    0.00    0.00    0.00  100.00     7  blur
06:39:48 PM  1000     33413  100.00    0.00    0.00    0.00  100.00     7  blur
06:39:49 PM  1000     33413  100.00    0.00    0.00    0.00  100.00     7  blur
06:39:50 PM  1000     33413  100.00    0.00    0.00    0.00  100.00     7  blur
06:39:51 PM  1000     33413  100.00    0.00    0.00    0.00  100.00     7  blur
06:39:52 PM  1000     33413  100.00    0.00    0.00    0.00  100.00     7  blur
06:39:53 PM  1000     33413  100.00    0.00    0.00    0.00  100.00     6  blur
06:39:54 PM  1000     33413  100.00    0.00    0.00    0.00  100.00     6  blur
06:39:55 PM  1000     33413  100.00    0.00    0.00    0.00  100.00     6  blur
06:39:56 PM  1000     33413  100.00    0.00    0.00    0.00  100.00     3  blur
06:39:57 PM  1000     33413  100.00    0.00    0.00    0.00  100.00     2  blur
06:39:58 PM  1000     33413  100.00    0.00    0.00    0.00  100.00     2  blur
06:39:59 PM  1000     33413  100.00    0.00    0.00    0.00  100.00     3  blur
06:40:00 PM  1000     33413  100.00    0.00    0.00    0.00  100.00     3  blur
06:40:01 PM  1000     33413  100.00    0.00    0.00    0.00  100.00     3  blur
06:40:02 PM  1000     33413  100.00    0.00    0.00    0.00  100.00     3  blur
06:40:03 PM  1000     33413  100.00    0.00    0.00    0.00  100.00     3  blur
06:40:04 PM  1000     33413  100.00    0.00    0.00    0.00  100.00     3  blur
06:40:05 PM  1000     33413  100.00    0.00    0.00    0.00  100.00     2  blur
06:40:06 PM  1000     33413  100.00    0.00    0.00    0.00  100.00     2  blur
06:40:07 PM  1000     33413  100.00    0.00    0.00    0.00  100.00     3  blur
06:40:08 PM  1000     33413  100.00    0.00    0.00    0.00  100.00     3  blur
06:40:09 PM  1000     33413   99.01    0.00    0.00    0.00   99.01     3  blur
06:40:10 PM  1000     33413  100.00    0.00    0.00    0.00  100.00     3  blur
06:40:11 PM  1000     33413  100.00    0.00    0.00    0.00  100.00     3  blur
06:40:12 PM  1000     33413  100.00    0.00    0.00    0.00  100.00     2  blur
06:40:13 PM  1000     33413  100.00    0.00    0.00    0.00  100.00     3  blur
06:40:14 PM  1000     33413  100.00    0.00    0.00    0.00  100.00     3  blur
06:40:15 PM  1000     33413  100.00    0.00    0.00    0.00  100.00     3  blur
06:40:16 PM  1000     33413  100.00    0.00    0.00    0.00  100.00     3  blur
06:40:17 PM  1000     33413  100.00    0.00    0.00    0.00  100.00     2  blur
06:40:18 PM  1000     33413  100.00    0.00    0.00    0.00  100.00     3  blur
06:40:19 PM  1000     33413  100.00    0.00    0.00    0.00  100.00     7  blur
06:40:20 PM  1000     33413  100.00    0.00    0.00    0.00  100.00     7  blur
06:40:21 PM  1000     33413  100.00    0.00    0.00    0.00  100.00     2  blur
06:40:22 PM  1000     33413  100.00    0.00    0.00    0.00  100.00     2  blur
06:40:23 PM  1000     33413  100.00    0.00    0.00    0.00  100.00     3  blur
06:40:24 PM  1000     33413  100.00    0.00    0.00    0.00  100.00     3  blur
06:40:25 PM  1000     33413  100.00    0.00    0.00    0.00  100.00     2  blur
06:40:26 PM  1000     33413  100.00    0.00    0.00    0.00  100.00     2  blur
06:40:27 PM  1000     33413  100.00    0.00    0.00    0.00  100.00     2  blur
06:40:28 PM  1000     33413  100.00    0.00    0.00    0.00  100.00     2  blur
06:40:29 PM  1000     33413  100.00    0.00    0.00    0.00  100.00     2  blur
06:40:30 PM  1000     33413  100.00    0.00    0.00    0.00  100.00     2  blur
06:40:31 PM  1000     33413  100.00    0.00    0.00    0.00  100.00     3  blur
06:40:32 PM  1000     33413  100.00    0.00    0.00    0.00  100.00     3  blur
06:40:33 PM  1000     33413  100.00    0.00    0.00    0.00  100.00     3  blur
06:40:34 PM  1000     33413  100.00    0.00    0.00    0.00  100.00     3  blur
06:40:35 PM  1000     33413  100.00    0.00    0.00    0.00  100.00     3  blur
06:40:36 PM  1000     33413  100.00    0.00    0.00    0.00  100.00     3  blur
06:40:37 PM  1000     33413  100.00    0.00    0.00    0.00  100.00     2  blur
06:40:38 PM  1000     33413  100.00    0.00    0.00    0.00  100.00     2  blur
06:40:39 PM  1000     33413  100.00    0.00    0.00    0.00  100.00     3  blur
06:40:40 PM  1000     33413  100.00    0.00    0.00    0.00  100.00     3  blur
06:40:41 PM  1000     33413  100.00    0.00    0.00    0.00  100.00     3  blur
06:40:42 PM  1000     33413  100.00    0.00    0.00    0.00  100.00     3  blur
06:40:43 PM  1000     33413  100.00    0.00    0.00    0.00  100.00     7  blur
06:40:44 PM  1000     33413  100.00    0.00    0.00    0.00  100.00     7  blur
06:40:45 PM  1000     33413  100.00    0.00    0.00    0.00  100.00     6  blur
06:40:46 PM  1000     33413  100.00    0.00    0.00    0.00  100.00     6  blur
06:40:47 PM  1000     33413  100.00    0.00    0.00    0.00  100.00     6  blur
06:40:48 PM  1000     33413  100.00    0.00    0.00    0.00  100.00     6  blur
06:40:49 PM  1000     33413  100.00    0.00    0.00    0.00  100.00     6  blur
06:40:50 PM  1000     33413  100.00    0.00    0.00    0.00  100.00     6  blur
06:40:51 PM  1000     33413  100.00    0.00    0.00    0.00  100.00     6  blur
06:40:52 PM  1000     33413  100.00    0.00    0.00    0.00  100.00     7  blur
06:40:53 PM  1000     33413  100.00    0.00    0.00    0.00  100.00     7  blur
06:40:54 PM  1000     33413  100.00    0.00    0.00    0.00  100.00     7  blur
06:40:55 PM  1000     33413  100.00    0.00    0.00    0.00  100.00     7  blur
06:40:56 PM  1000     33413  100.00    0.00    0.00    0.00  100.00     7  blur
06:40:57 PM  1000     33413  100.00    0.00    0.00    0.00  100.00     7  blur
06:40:58 PM  1000     33413  100.00    0.00    0.00    0.00  100.00     7  blur
06:40:59 PM  1000     33413  100.00    0.00    0.00    0.00  100.00     7  blur
06:41:00 PM  1000     33413  100.00    0.00    0.00    0.00  100.00     7  blur
06:41:01 PM  1000     33413  100.00    0.00    0.00    0.00  100.00     6  blur
06:41:02 PM  1000     33413  100.00    0.00    0.00    0.00  100.00     6  blur
06:41:03 PM  1000     33413  100.00    0.00    0.00    0.00  100.00     7  blur
06:41:04 PM  1000     33413  100.00    0.00    0.00    0.00  100.00     7  blur
06:41:05 PM  1000     33413  100.00    0.00    0.00    0.00  100.00     7  blur
06:41:06 PM  1000     33413  100.00    0.00    0.00    0.00  100.00     7  blur
06:41:07 PM  1000     33413  100.00    0.00    0.00    0.00  100.00     7  blur
06:41:08 PM  1000     33413  100.00    0.00    0.00    0.00  100.00     7  blur
06:41:09 PM  1000     33413  100.00    0.00    0.00    0.00  100.00     6  blur
06:41:10 PM  1000     33413  100.00    0.00    0.00    0.00  100.00     6  blur
06:41:11 PM  1000     33413  100.00    0.00    0.00    0.00  100.00     6  blur
06:41:12 PM  1000     33413  100.00    0.00    0.00    0.00  100.00     6  blur
06:41:13 PM  1000     33413  100.00    0.00    0.00    0.00  100.00     6  blur
06:41:14 PM  1000     33413  100.00    0.00    0.00    0.00  100.00     6  blur
06:41:15 PM  1000     33413  100.00    0.00    0.00    0.00  100.00     6  blur
06:41:16 PM  1000     33413  100.00    0.00    0.00    0.00  100.00     7  blur
06:41:17 PM  1000     33413  100.00    0.00    0.00    0.00  100.00     7  blur
06:41:18 PM  1000     33413  100.00    0.00    0.00    0.00  100.00     7  blur
06:41:19 PM  1000     33413  100.00    0.00    0.00    0.00  100.00     7  blur
06:41:20 PM  1000     33413  100.00    0.00    0.00    0.00  100.00     7  blur
06:41:21 PM  1000     33413  100.00    0.00    0.00    0.00  100.00     7  blur
06:41:22 PM  1000     33413  100.00    0.00    0.00    0.00  100.00     7  blur
06:41:23 PM  1000     33413  100.00    0.00    0.00    0.00  100.00     7  blur
06:41:24 PM  1000     33413  100.00    0.00    0.00    0.00  100.00     7  blur
06:41:25 PM  1000     33413  100.00    0.00    0.00    0.00  100.00     7  blur
06:41:26 PM  1000     33413  100.00    0.00    0.00    0.00  100.00     7  blur
06:41:27 PM  1000     33413  100.00    0.00    0.00    0.00  100.00     7  blur
06:41:28 PM  1000     33413  100.00    0.00    0.00    0.00  100.00     7  blur
06:41:29 PM  1000     33413  100.00    0.00    0.00    0.00  100.00     7  blur
06:41:30 PM  1000     33413  100.00    0.00    0.00    0.00  100.00     2  blur
06:41:31 PM  1000     33413  100.00    0.00    0.00    0.00  100.00     6  blur
06:41:32 PM  1000     33413  100.00    0.00    0.00    0.00  100.00     6  blur
06:41:33 PM  1000     33413  100.00    0.00    0.00    0.00  100.00     2  blur
06:41:34 PM  1000     33413  100.00    0.00    0.00    0.00  100.00     3  blur
06:41:35 PM  1000     33413  100.00    0.00    0.00    0.00  100.00     7  blur
06:41:36 PM  1000     33413  100.00    0.00    0.00    0.00  100.00     7  blur
06:41:37 PM  1000     33413  100.00    0.00    0.00    0.00  100.00     7  blur
06:41:38 PM  1000     33413  100.00    0.00    0.00    0.00  100.00     7  blur
06:41:39 PM  1000     33413  100.00    0.00    0.00    0.00  100.00     7  blur
06:41:40 PM  1000     33413  100.00    0.00    0.00    0.00  100.00     7  blur
06:41:41 PM  1000     33413  100.00    0.00    0.00    0.00  100.00     6  blur
06:41:42 PM  1000     33413  100.00    0.00    0.00    0.00  100.00     7  blur
06:41:43 PM  1000     33413  100.00    0.00    0.00    1.00  100.00     7  blur
06:41:44 PM  1000     33413  100.00    0.00    0.00    0.00  100.00     7  blur
06:41:45 PM  1000     33413  100.00    0.00    0.00    0.00  100.00     7  blur
06:41:46 PM  1000     33413  100.00    0.00    0.00    0.00  100.00     6  blur
06:41:47 PM  1000     33413  100.00    0.00    0.00    0.00  100.00     6  blur
06:41:48 PM  1000     33413  100.00    0.00    0.00    0.00  100.00     6  blur
06:41:49 PM  1000     33413  100.00    0.00    0.00    0.00  100.00     6  blur
06:41:50 PM  1000     33413  100.00    0.00    0.00    0.00  100.00     6  blur
06:41:51 PM  1000     33413  100.00    0.00    0.00    0.00  100.00     6  blur
06:41:52 PM  1000     33413  100.00    0.00    0.00    0.00  100.00     6  blur
06:41:53 PM  1000     33413  100.00    0.00    0.00    0.00  100.00     6  blur
06:41:54 PM  1000     33413  100.00    0.00    0.00    0.00  100.00     7  blur
06:41:55 PM  1000     33413  100.00    0.00    0.00    0.00  100.00     7  blur
06:41:56 PM  1000     33413  100.00    0.00    0.00    0.00  100.00     7  blur
06:41:57 PM  1000     33413  100.00    0.00    0.00    0.00  100.00     7  blur
06:41:58 PM  1000     33413  100.00    0.00    0.00    0.00  100.00     7  blur
06:41:59 PM  1000     33413  100.00    0.00    0.00    0.00  100.00     7  blur
06:42:00 PM  1000     33413  100.00    0.00    0.00    0.00  100.00     6  blur
06:42:01 PM  1000     33413  100.00    0.00    0.00    0.00  100.00     6  blur
06:42:02 PM  1000     33413  100.00    0.00    0.00    0.00  100.00     6  blur
06:42:03 PM  1000     33413  100.00    0.00    0.00    0.00  100.00     6  blur
06:42:04 PM  1000     33413  100.00    0.00    0.00    0.00  100.00     7  blur
06:42:05 PM  1000     33413  100.00    0.00    0.00    0.00  100.00     6  blur
06:42:06 PM  1000     33413  100.00    0.00    0.00    0.00  100.00     6  blur
06:42:07 PM  1000     33413  100.00    0.00    0.00    0.00  100.00     6  blur
06:42:08 PM  1000     33413  100.00    0.00    0.00    0.00  100.00     7  blur
06:42:09 PM  1000     33413  100.00    0.00    0.00    0.00  100.00     7  blur
06:42:10 PM  1000     33413  100.00    0.00    0.00    0.00  100.00     7  blur
06:42:11 PM  1000     33413  100.00    0.00    0.00    0.00  100.00     7  blur
06:42:12 PM  1000     33413  100.00    0.00    0.00    0.00  100.00     7  blur
06:42:13 PM  1000     33413  100.00    0.00    0.00    0.00  100.00     7  blur
06:42:14 PM  1000     33413  100.00    0.00    0.00    0.00  100.00     7  blur
06:42:15 PM  1000     33413  100.00    0.00    0.00    0.00  100.00     7  blur
06:42:16 PM  1000     33413  100.00    0.00    0.00    0.00  100.00     7  blur
06:42:17 PM  1000     33413  100.00    0.00    0.00    0.00  100.00     7  blur
06:42:18 PM  1000     33413  100.00    0.00    0.00    0.00  100.00     7  blur
06:42:19 PM  1000     33413  100.00    0.00    0.00    0.00  100.00     6  blur
06:42:20 PM  1000     33413  100.00    0.00    0.00    0.00  100.00     6  blur
06:42:21 PM  1000     33413  100.00    0.00    0.00    0.00  100.00     2  blur
06:42:22 PM  1000     33413   98.00    0.00    0.00    0.00   98.00     6  blur
