Linux 6.11.3-arch1-1 (Legion-Arch-Linux) 	10/19/2024 	_x86_64_	(16 CPU)

avg-cpu:  %user   %nice %system %iowait  %steal   %idle
           5.05    0.15    5.27    0.25    0.00   89.26

Device             tps    kB_read/s    kB_wrtn/s    kB_dscd/s    kB_read    kB_wrtn    kB_dscd
nvme0n1         317.64      9553.88      4684.00         0.00    3607736    1768773          0


avg-cpu:  %user   %nice %system %iowait  %steal   %idle
          10.04    0.00    7.04    0.00    0.00   82.92

Device             tps    kB_read/s    kB_wrtn/s    kB_dscd/s    kB_read    kB_wrtn    kB_dscd
nvme0n1           0.00         0.00         0.00         0.00          0          0          0


avg-cpu:  %user   %nice %system %iowait  %steal   %idle
           8.82    0.00    7.03    0.06    0.00   84.09

Device             tps    kB_read/s    kB_wrtn/s    kB_dscd/s    kB_read    kB_wrtn    kB_dscd
nvme0n1          58.00         0.00       272.00         0.00          0        272          0


avg-cpu:  %user   %nice %system %iowait  %steal   %idle
          11.53    0.06    6.89    0.13    0.00   81.38

Device             tps    kB_read/s    kB_wrtn/s    kB_dscd/s    kB_read    kB_wrtn    kB_dscd
nvme0n1          93.00         4.00       388.00         0.00          4        388          0


avg-cpu:  %user   %nice %system %iowait  %steal   %idle
           9.18    0.00    7.90    0.06    0.00   82.86

Device             tps    kB_read/s    kB_wrtn/s    kB_dscd/s    kB_read    kB_wrtn    kB_dscd
nvme0n1           0.00         0.00         0.00         0.00          0          0          0


avg-cpu:  %user   %nice %system %iowait  %steal   %idle
           8.97    0.00    7.17    0.00    0.00   83.86

Device             tps    kB_read/s    kB_wrtn/s    kB_dscd/s    kB_read    kB_wrtn    kB_dscd
nvme0n1           0.00         0.00         0.00         0.00          0          0          0


avg-cpu:  %user   %nice %system %iowait  %steal   %idle
          10.21    0.00    7.40    0.00    0.00   82.39

Device             tps    kB_read/s    kB_wrtn/s    kB_dscd/s    kB_read    kB_wrtn    kB_dscd
nvme0n1           0.00         0.00         0.00         0.00          0          0          0


avg-cpu:  %user   %nice %system %iowait  %steal   %idle
           9.21    0.00    6.91    0.00    0.00   83.89

Device             tps    kB_read/s    kB_wrtn/s    kB_dscd/s    kB_read    kB_wrtn    kB_dscd
nvme0n1           0.00         0.00         0.00         0.00          0          0          0


avg-cpu:  %user   %nice %system %iowait  %steal   %idle
          11.13    0.06    7.74    0.32    0.00   80.75

Device             tps    kB_read/s    kB_wrtn/s    kB_dscd/s    kB_read    kB_wrtn    kB_dscd
nvme0n1          72.00         0.00       360.00         0.00          0        360          0


avg-cpu:  %user   %nice %system %iowait  %steal   %idle
           9.11    0.00    6.74    0.06    0.00   84.08

Device             tps    kB_read/s    kB_wrtn/s    kB_dscd/s    kB_read    kB_wrtn    kB_dscd
nvme0n1           2.00         0.00         8.00         0.00          0          8          0


avg-cpu:  %user   %nice %system %iowait  %steal   %idle
           8.77    0.00    7.30    0.00    0.00   83.93

Device             tps    kB_read/s    kB_wrtn/s    kB_dscd/s    kB_read    kB_wrtn    kB_dscd
nvme0n1           0.00         0.00         0.00         0.00          0          0          0


avg-cpu:  %user   %nice %system %iowait  %steal   %idle
          10.63    0.00    7.50    0.51    0.00   81.36

Device             tps    kB_read/s    kB_wrtn/s    kB_dscd/s    kB_read    kB_wrtn    kB_dscd
nvme0n1          18.00      2120.00         0.00         0.00       2120          0          0


avg-cpu:  %user   %nice %system %iowait  %steal   %idle
           9.27    0.00    7.61    0.00    0.00   83.12

Device             tps    kB_read/s    kB_wrtn/s    kB_dscd/s    kB_read    kB_wrtn    kB_dscd
nvme0n1           0.00         0.00         0.00         0.00          0          0          0


avg-cpu:  %user   %nice %system %iowait  %steal   %idle
          11.40    0.06    6.98    0.00    0.00   81.55

Device             tps    kB_read/s    kB_wrtn/s    kB_dscd/s    kB_read    kB_wrtn    kB_dscd
nvme0n1           3.00         0.00        12.00         0.00          0         12          0

