Linux 6.11.3-arch1-1 (Legion-Arch-Linux) 	10/19/2024 	_x86_64_	(16 CPU)

avg-cpu:  %user   %nice %system %iowait  %steal   %idle
           5.21    0.15    5.35    0.25    0.00   89.05

Device             tps    kB_read/s    kB_wrtn/s    kB_dscd/s    kB_read    kB_wrtn    kB_dscd
nvme0n1         305.97      9184.36      4503.96         0.00    3609912    1770281          0


avg-cpu:  %user   %nice %system %iowait  %steal   %idle
          10.10    0.00    7.10    0.13    0.00   82.67

Device             tps    kB_read/s    kB_wrtn/s    kB_dscd/s    kB_read    kB_wrtn    kB_dscd
nvme0n1          11.00         0.00        88.00         0.00          0         88          0


avg-cpu:  %user   %nice %system %iowait  %steal   %idle
           9.22    0.00    6.73    0.00    0.00   84.05

Device             tps    kB_read/s    kB_wrtn/s    kB_dscd/s    kB_read    kB_wrtn    kB_dscd
nvme0n1           0.00         0.00         0.00         0.00          0          0          0


avg-cpu:  %user   %nice %system %iowait  %steal   %idle
          11.37    0.06    6.62    0.26    0.00   81.70

Device             tps    kB_read/s    kB_wrtn/s    kB_dscd/s    kB_read    kB_wrtn    kB_dscd
nvme0n1          94.00         0.00      3620.00         0.00          0       3620          0


avg-cpu:  %user   %nice %system %iowait  %steal   %idle
           9.31    0.00    7.14    0.00    0.00   83.55

Device             tps    kB_read/s    kB_wrtn/s    kB_dscd/s    kB_read    kB_wrtn    kB_dscd
nvme0n1           0.00         0.00         0.00         0.00          0          0          0


avg-cpu:  %user   %nice %system %iowait  %steal   %idle
          10.39    0.00    7.50    0.19    0.00   81.91

Device             tps    kB_read/s    kB_wrtn/s    kB_dscd/s    kB_read    kB_wrtn    kB_dscd
nvme0n1          42.00         0.00       180.00         0.00          0        180          0


avg-cpu:  %user   %nice %system %iowait  %steal   %idle
           9.56    0.00    6.55    0.00    0.00   83.89

Device             tps    kB_read/s    kB_wrtn/s    kB_dscd/s    kB_read    kB_wrtn    kB_dscd
nvme0n1           0.00         0.00         0.00         0.00          0          0          0


avg-cpu:  %user   %nice %system %iowait  %steal   %idle
           9.22    0.00    6.91    0.00    0.00   83.87

Device             tps    kB_read/s    kB_wrtn/s    kB_dscd/s    kB_read    kB_wrtn    kB_dscd
nvme0n1           0.00         0.00         0.00         0.00          0          0          0


avg-cpu:  %user   %nice %system %iowait  %steal   %idle
          10.95    0.06    7.11    0.19    0.00   81.68

Device             tps    kB_read/s    kB_wrtn/s    kB_dscd/s    kB_read    kB_wrtn    kB_dscd
nvme0n1           2.00         0.00        20.00         0.00          0         20          0


avg-cpu:  %user   %nice %system %iowait  %steal   %idle
           9.22    0.00    7.43    0.06    0.00   83.29

Device             tps    kB_read/s    kB_wrtn/s    kB_dscd/s    kB_read    kB_wrtn    kB_dscd
nvme0n1           0.00         0.00         0.00         0.00          0          0          0


avg-cpu:  %user   %nice %system %iowait  %steal   %idle
           9.96    0.00    7.66    0.00    0.00   82.39

Device             tps    kB_read/s    kB_wrtn/s    kB_dscd/s    kB_read    kB_wrtn    kB_dscd
nvme0n1           0.00         0.00         0.00         0.00          0          0          0


avg-cpu:  %user   %nice %system %iowait  %steal   %idle
           8.95    0.00    7.28    0.32    0.00   83.45

Device             tps    kB_read/s    kB_wrtn/s    kB_dscd/s    kB_read    kB_wrtn    kB_dscd
nvme0n1          44.00         0.00       240.00         0.00          0        240          0


avg-cpu:  %user   %nice %system %iowait  %steal   %idle
           9.70    0.00    7.99    0.13    0.00   82.18

Device             tps    kB_read/s    kB_wrtn/s    kB_dscd/s    kB_read    kB_wrtn    kB_dscd
nvme0n1           1.00         4.00         0.00         0.00          4          0          0


avg-cpu:  %user   %nice %system %iowait  %steal   %idle
          11.39    0.06    7.89    0.13    0.00   80.52

Device             tps    kB_read/s    kB_wrtn/s    kB_dscd/s    kB_read    kB_wrtn    kB_dscd
nvme0n1          11.00         0.00        40.00         0.00          0         40          0


avg-cpu:  %user   %nice %system %iowait  %steal   %idle
           9.28    0.00    7.18    0.00    0.00   83.55

Device             tps    kB_read/s    kB_wrtn/s    kB_dscd/s    kB_read    kB_wrtn    kB_dscd
nvme0n1           0.00         0.00         0.00         0.00          0          0          0


avg-cpu:  %user   %nice %system %iowait  %steal   %idle
          10.39    0.00    7.66    0.00    0.00   81.95

Device             tps    kB_read/s    kB_wrtn/s    kB_dscd/s    kB_read    kB_wrtn    kB_dscd
nvme0n1           0.00         0.00         0.00         0.00          0          0          0


avg-cpu:  %user   %nice %system %iowait  %steal   %idle
           9.82    1.34   10.26    0.38    0.00   78.20

Device             tps    kB_read/s    kB_wrtn/s    kB_dscd/s    kB_read    kB_wrtn    kB_dscd
nvme0n1         329.00      3304.00      9664.00         0.00       3304       9664          0


avg-cpu:  %user   %nice %system %iowait  %steal   %idle
           9.64    0.00    7.73    0.00    0.00   82.63

Device             tps    kB_read/s    kB_wrtn/s    kB_dscd/s    kB_read    kB_wrtn    kB_dscd
nvme0n1         103.00         0.00       528.00         0.00          0        528          0


avg-cpu:  %user   %nice %system %iowait  %steal   %idle
          11.61    0.06    7.18    0.13    0.00   81.01

Device             tps    kB_read/s    kB_wrtn/s    kB_dscd/s    kB_read    kB_wrtn    kB_dscd
nvme0n1           3.00         0.00       328.00         0.00          0        328          0


avg-cpu:  %user   %nice %system %iowait  %steal   %idle
           9.12    0.00    7.00    0.00    0.00   83.88

Device             tps    kB_read/s    kB_wrtn/s    kB_dscd/s    kB_read    kB_wrtn    kB_dscd
nvme0n1          10.00         0.00        48.00         0.00          0         48          0

