Linux 6.11.3-arch1-1 (Legion-Arch-Linux) 	10/19/2024 	_x86_64_	(16 CPU)

avg-cpu:  %user   %nice %system %iowait  %steal   %idle
           5.40    0.14    5.48    0.24    0.00   88.73

Device             tps    kB_read/s    kB_wrtn/s    kB_dscd/s    kB_read    kB_wrtn    kB_dscd
nvme0n1         289.49      8626.32      4275.14         0.00    3616672    1792397          0


avg-cpu:  %user   %nice %system %iowait  %steal   %idle
           9.58    0.00    7.49    0.19    0.00   82.74

Device             tps    kB_read/s    kB_wrtn/s    kB_dscd/s    kB_read    kB_wrtn    kB_dscd
nvme0n1         167.00         0.00       800.00         0.00          0        800          0


avg-cpu:  %user   %nice %system %iowait  %steal   %idle
          12.45    0.00    7.19    0.06    0.00   80.30

Device             tps    kB_read/s    kB_wrtn/s    kB_dscd/s    kB_read    kB_wrtn    kB_dscd
nvme0n1          12.00         0.00       204.00         0.00          0        204          0


avg-cpu:  %user   %nice %system %iowait  %steal   %idle
          11.23    0.00    7.74    0.06    0.00   80.96

Device             tps    kB_read/s    kB_wrtn/s    kB_dscd/s    kB_read    kB_wrtn    kB_dscd
nvme0n1           6.00         0.00       112.00         0.00          0        112          0


avg-cpu:  %user   %nice %system %iowait  %steal   %idle
          10.44    0.00    7.56    0.06    0.00   81.93

Device             tps    kB_read/s    kB_wrtn/s    kB_dscd/s    kB_read    kB_wrtn    kB_dscd
nvme0n1           0.00         0.00         0.00         0.00          0          0          0


avg-cpu:  %user   %nice %system %iowait  %steal   %idle
           9.00    0.00    7.74    0.00    0.00   83.26

Device             tps    kB_read/s    kB_wrtn/s    kB_dscd/s    kB_read    kB_wrtn    kB_dscd
nvme0n1           0.00         0.00         0.00         0.00          0          0          0


avg-cpu:  %user   %nice %system %iowait  %steal   %idle
           9.18    0.06    7.40    0.26    0.00   83.10

Device             tps    kB_read/s    kB_wrtn/s    kB_dscd/s    kB_read    kB_wrtn    kB_dscd
nvme0n1          19.00         0.00        80.00         0.00          0         80          0


avg-cpu:  %user   %nice %system %iowait  %steal   %idle
          10.96    0.00    7.13    0.06    0.00   81.85

Device             tps    kB_read/s    kB_wrtn/s    kB_dscd/s    kB_read    kB_wrtn    kB_dscd
nvme0n1           7.00        56.00         0.00         0.00         56          0          0

