Linux 6.11.3-arch1-1 (Legion-Arch-Linux) 	10/19/2024 	_x86_64_	(16 CPU)

avg-cpu:  %user   %nice %system %iowait  %steal   %idle
           7.44    0.05    4.55    0.12    0.00   87.85

Device             tps    kB_read/s    kB_wrtn/s    kB_dscd/s    kB_read    kB_wrtn    kB_dscd
nvme0n1          90.19      2231.80      1521.25         0.00    3777856    2575089          0


avg-cpu:  %user   %nice %system %iowait  %steal   %idle
           9.43    0.00    4.46    0.13    0.00   85.98

Device             tps    kB_read/s    kB_wrtn/s    kB_dscd/s    kB_read    kB_wrtn    kB_dscd
nvme0n1          15.00         0.00        64.00         0.00          0         64          0


avg-cpu:  %user   %nice %system %iowait  %steal   %idle
           7.81    0.00    3.44    0.06    0.00   88.69

Device             tps    kB_read/s    kB_wrtn/s    kB_dscd/s    kB_read    kB_wrtn    kB_dscd
nvme0n1           2.00         0.00        16.00         0.00          0         16          0


avg-cpu:  %user   %nice %system %iowait  %steal   %idle
           8.05    0.06    4.46    0.00    0.00   87.43

Device             tps    kB_read/s    kB_wrtn/s    kB_dscd/s    kB_read    kB_wrtn    kB_dscd
nvme0n1           0.00         0.00         0.00         0.00          0          0          0


avg-cpu:  %user   %nice %system %iowait  %steal   %idle
           1.87    0.00    6.77    0.19    0.00   91.17

Device             tps    kB_read/s    kB_wrtn/s    kB_dscd/s    kB_read    kB_wrtn    kB_dscd
nvme0n1          36.00         0.00       152.00         0.00          0        152          0


avg-cpu:  %user   %nice %system %iowait  %steal   %idle
           2.96    0.00    7.40    0.06    0.00   89.58

Device             tps    kB_read/s    kB_wrtn/s    kB_dscd/s    kB_read    kB_wrtn    kB_dscd
nvme0n1           0.00         0.00         0.00         0.00          0          0          0


avg-cpu:  %user   %nice %system %iowait  %steal   %idle
           4.04    0.00    7.83    0.13    0.00   88.01

Device             tps    kB_read/s    kB_wrtn/s    kB_dscd/s    kB_read    kB_wrtn    kB_dscd
nvme0n1          22.00         0.00      1256.00         0.00          0       1256          0


avg-cpu:  %user   %nice %system %iowait  %steal   %idle
           2.52    0.00    6.72    0.00    0.00   90.76

Device             tps    kB_read/s    kB_wrtn/s    kB_dscd/s    kB_read    kB_wrtn    kB_dscd
nvme0n1           0.00         0.00         0.00         0.00          0          0          0


avg-cpu:  %user   %nice %system %iowait  %steal   %idle
           5.04    0.06    7.10    0.13    0.00   87.67

Device             tps    kB_read/s    kB_wrtn/s    kB_dscd/s    kB_read    kB_wrtn    kB_dscd
nvme0n1           2.00         0.00        20.00         0.00          0         20          0

